{"C:\\Users\\Tarek Bentarzi\\Documents\\qlearn\\app-ui\\App.tsx": {"path":"C:\\Users\\Tarek Bentarzi\\Documents\\qlearn\\app-ui\\App.tsx","statementMap":{"0":{"start":{"line":4,"column":0},"end":{"line":4,"column":24}},"1":{"start":{"line":1,"column":0},"end":{"line":1,"column":44}},"2":{"start":{"line":2,"column":0},"end":{"line":2,"column":54}},"3":{"start":{"line":5,"column":2},"end":{"line":10,"column":4}},"4":{"start":{"line":13,"column":15},"end":{"line":20,"column":2}}},"fnMap":{"0":{"name":"App","decl":{"start":{"line":4,"column":24},"end":{"line":4,"column":27}},"loc":{"start":{"line":4,"column":27},"end":{"line":11,"column":1}}}},"branchMap":{},"s":{"0":1,"1":1,"2":1,"3":2,"4":1},"f":{"0":2},"b":{}}
,"C:\\Users\\Tarek Bentarzi\\Documents\\qlearn\\app-ui\\index.ts": {"path":"C:\\Users\\Tarek Bentarzi\\Documents\\qlearn\\app-ui\\index.ts","statementMap":{"0":{"start":{"line":1,"column":0},"end":{"line":1,"column":45}},"1":{"start":{"line":3,"column":0},"end":{"line":3,"column":24}},"2":{"start":{"line":8,"column":0},"end":{"line":8,"column":27}}},"fnMap":{},"branchMap":{},"s":{"0":1,"1":1,"2":1},"f":{},"b":{}}
,"C:\\Users\\Tarek Bentarzi\\Documents\\qlearn\\app-ui\\src\\application\\services\\UserApplicationService.ts": {"path":"C:\\Users\\Tarek Bentarzi\\Documents\\qlearn\\app-ui\\src\\application\\services\\UserApplicationService.ts","statementMap":{"0":{"start":{"line":6,"column":0},"end":{"line":6,"column":74}},"1":{"start":{"line":14,"column":4},"end":{"line":14,"column":69}},"2":{"start":{"line":18,"column":18},"end":{"line":18,"column":57}},"3":{"start":{"line":19,"column":4},"end":{"line":23,"column":8}},"4":{"start":{"line":19,"column":32},"end":{"line":23,"column":6}},"5":{"start":{"line":10,"column":0},"end":{"line":10,"column":13}}},"fnMap":{"0":{"name":"(anonymous_0)","decl":{"start":{"line":13,"column":2},"end":{"line":13,"column":14}},"loc":{"start":{"line":13,"column":45},"end":{"line":15,"column":3}}},"1":{"name":"(anonymous_1)","decl":{"start":{"line":17,"column":2},"end":{"line":17,"column":7}},"loc":{"start":{"line":17,"column":19},"end":{"line":24,"column":3}}},"2":{"name":"(anonymous_2)","decl":{"start":{"line":19,"column":21},"end":{"line":19,"column":22}},"loc":{"start":{"line":19,"column":32},"end":{"line":23,"column":6}}}},"branchMap":{},"s":{"0":1,"1":4,"2":4,"3":3,"4":3,"5":1},"f":{"0":4,"1":4,"2":3},"b":{}}
,"C:\\Users\\Tarek Bentarzi\\Documents\\qlearn\\app-ui\\src\\domain\\usecases\\GetAllUsersUseCase.ts": {"path":"C:\\Users\\Tarek Bentarzi\\Documents\\qlearn\\app-ui\\src\\domain\\usecases\\GetAllUsersUseCase.ts","statementMap":{"0":{"start":{"line":10,"column":22},"end":{"line":10,"column":53}},"1":{"start":{"line":13,"column":4},"end":{"line":13,"column":41}},"2":{"start":{"line":9,"column":0},"end":{"line":9,"column":13}}},"fnMap":{"0":{"name":"(anonymous_0)","decl":{"start":{"line":10,"column":2},"end":{"line":10,"column":22}},"loc":{"start":{"line":10,"column":53},"end":{"line":10,"column":57}}},"1":{"name":"(anonymous_1)","decl":{"start":{"line":12,"column":2},"end":{"line":12,"column":7}},"loc":{"start":{"line":12,"column":15},"end":{"line":14,"column":3}}}},"branchMap":{},"s":{"0":7,"1":7,"2":2},"f":{"0":7,"1":7},"b":{}}
,"C:\\Users\\Tarek Bentarzi\\Documents\\qlearn\\app-ui\\src\\infra\\secondary\\api\\apiClient.ts": {"path":"C:\\Users\\Tarek Bentarzi\\Documents\\qlearn\\app-ui\\src\\infra\\secondary\\api\\apiClient.ts","statementMap":{"0":{"start":{"line":6,"column":21},"end":{"line":6,"column":77}},"1":{"start":{"line":8,"column":13},"end":{"line":24,"column":2}},"2":{"start":{"line":10,"column":21},"end":{"line":10,"column":62}},"3":{"start":{"line":11,"column":4},"end":{"line":11,"column":71}},"4":{"start":{"line":11,"column":22},"end":{"line":11,"column":71}},"5":{"start":{"line":12,"column":4},"end":{"line":12,"column":27}},"6":{"start":{"line":16,"column":21},"end":{"line":20,"column":6}},"7":{"start":{"line":21,"column":4},"end":{"line":21,"column":71}},"8":{"start":{"line":21,"column":22},"end":{"line":21,"column":71}},"9":{"start":{"line":22,"column":4},"end":{"line":22,"column":27}}},"fnMap":{"0":{"name":"(anonymous_0)","decl":{"start":{"line":9,"column":7},"end":{"line":9,"column":12}},"loc":{"start":{"line":9,"column":34},"end":{"line":13,"column":3}}},"1":{"name":"(anonymous_1)","decl":{"start":{"line":15,"column":8},"end":{"line":15,"column":13}},"loc":{"start":{"line":15,"column":46},"end":{"line":23,"column":3}}}},"branchMap":{"0":{"loc":{"start":{"line":6,"column":21},"end":{"line":6,"column":77}},"type":"binary-expr","locations":[{"start":{"line":6,"column":21},"end":{"line":6,"column":50}},{"start":{"line":6,"column":54},"end":{"line":6,"column":77}}]},"1":{"loc":{"start":{"line":11,"column":4},"end":{"line":11,"column":71}},"type":"if","locations":[{"start":{"line":11,"column":4},"end":{"line":11,"column":71}},{"start":{},"end":{}}]},"2":{"loc":{"start":{"line":21,"column":4},"end":{"line":21,"column":71}},"type":"if","locations":[{"start":{"line":21,"column":4},"end":{"line":21,"column":71}},{"start":{},"end":{}}]}},"s":{"0":2,"1":2,"2":3,"3":2,"4":1,"5":1,"6":3,"7":3,"8":1,"9":2},"f":{"0":3,"1":3},"b":{"0":[2,2],"1":[1,1],"2":[1,2]}}
,"C:\\Users\\Tarek Bentarzi\\Documents\\qlearn\\app-ui\\src\\infra\\secondary\\repositories\\UserApiRepository.ts": {"path":"C:\\Users\\Tarek Bentarzi\\Documents\\qlearn\\app-ui\\src\\infra\\secondary\\repositories\\UserApiRepository.ts","statementMap":{"0":{"start":{"line":8,"column":0},"end":{"line":8,"column":45}},"1":{"start":{"line":12,"column":4},"end":{"line":12,"column":35}},"2":{"start":{"line":16,"column":4},"end":{"line":20,"column":5}},"3":{"start":{"line":17,"column":6},"end":{"line":17,"column":49}},"4":{"start":{"line":19,"column":6},"end":{"line":19,"column":18}},"5":{"start":{"line":24,"column":4},"end":{"line":24,"column":43}},"6":{"start":{"line":28,"column":4},"end":{"line":28,"column":49}},"7":{"start":{"line":32,"column":4},"end":{"line":32,"column":40}},"8":{"start":{"line":10,"column":0},"end":{"line":10,"column":13}}},"fnMap":{"0":{"name":"(anonymous_0)","decl":{"start":{"line":11,"column":2},"end":{"line":11,"column":7}},"loc":{"start":{"line":11,"column":15},"end":{"line":13,"column":3}}},"1":{"name":"(anonymous_1)","decl":{"start":{"line":15,"column":2},"end":{"line":15,"column":7}},"loc":{"start":{"line":15,"column":27},"end":{"line":21,"column":3}}},"2":{"name":"(anonymous_2)","decl":{"start":{"line":23,"column":2},"end":{"line":23,"column":7}},"loc":{"start":{"line":23,"column":37},"end":{"line":25,"column":3}}},"3":{"name":"(anonymous_3)","decl":{"start":{"line":27,"column":2},"end":{"line":27,"column":7}},"loc":{"start":{"line":27,"column":47},"end":{"line":29,"column":3}}},"4":{"name":"(anonymous_4)","decl":{"start":{"line":31,"column":2},"end":{"line":31,"column":7}},"loc":{"start":{"line":31,"column":25},"end":{"line":33,"column":3}}}},"branchMap":{},"s":{"0":1,"1":2,"2":3,"3":3,"4":2,"5":2,"6":1,"7":2,"8":1},"f":{"0":2,"1":3,"2":2,"3":1,"4":2},"b":{}}
,"C:\\Users\\Tarek Bentarzi\\Documents\\qlearn\\app-ui\\src\\shared\\hooks\\useUsers.ts": {"path":"C:\\Users\\Tarek Bentarzi\\Documents\\qlearn\\app-ui\\src\\shared\\hooks\\useUsers.ts","statementMap":{"0":{"start":{"line":6,"column":0},"end":{"line":6,"column":44}},"1":{"start":{"line":9,"column":24},"end":{"line":32,"column":1}},"2":{"start":{"line":10,"column":28},"end":{"line":10,"column":51}},"3":{"start":{"line":11,"column":32},"end":{"line":11,"column":47}},"4":{"start":{"line":12,"column":28},"end":{"line":12,"column":57}},"5":{"start":{"line":14,"column":2},"end":{"line":16,"column":9}},"6":{"start":{"line":15,"column":4},"end":{"line":15,"column":16}},"7":{"start":{"line":18,"column":20},"end":{"line":29,"column":3}},"8":{"start":{"line":19,"column":4},"end":{"line":28,"column":5}},"9":{"start":{"line":20,"column":6},"end":{"line":20,"column":23}},"10":{"start":{"line":21,"column":6},"end":{"line":21,"column":21}},"11":{"start":{"line":22,"column":19},"end":{"line":22,"column":50}},"12":{"start":{"line":23,"column":6},"end":{"line":23,"column":21}},"13":{"start":{"line":25,"column":6},"end":{"line":25,"column":69}},"14":{"start":{"line":27,"column":6},"end":{"line":27,"column":24}},"15":{"start":{"line":31,"column":2},"end":{"line":31,"column":55}},"16":{"start":{"line":9,"column":13},"end":{"line":9,"column":24}}},"fnMap":{"0":{"name":"(anonymous_0)","decl":{"start":{"line":9,"column":24},"end":{"line":9,"column":25}},"loc":{"start":{"line":9,"column":45},"end":{"line":32,"column":1}}},"1":{"name":"(anonymous_1)","decl":{"start":{"line":14,"column":12},"end":{"line":14,"column":15}},"loc":{"start":{"line":14,"column":17},"end":{"line":16,"column":3}}},"2":{"name":"(anonymous_2)","decl":{"start":{"line":18,"column":20},"end":{"line":18,"column":25}},"loc":{"start":{"line":18,"column":31},"end":{"line":29,"column":3}}}},"branchMap":{"0":{"loc":{"start":{"line":25,"column":15},"end":{"line":25,"column":67}},"type":"cond-expr","locations":[{"start":{"line":25,"column":38},"end":{"line":25,"column":49}},{"start":{"line":25,"column":52},"end":{"line":25,"column":67}}]}},"s":{"0":1,"1":1,"2":24,"3":24,"4":24,"5":24,"6":8,"7":24,"8":10,"9":10,"10":10,"11":10,"12":7,"13":3,"14":10,"15":24,"16":1},"f":{"0":24,"1":8,"2":10},"b":{"0":[2,1]}}
}
