{"C:\\Users\\Tarek Bentarzi\\Documents\\qlearn\\app-ui\\App.tsx": {"path":"C:\\Users\\Tarek Bentarzi\\Documents\\qlearn\\app-ui\\App.tsx","statementMap":{"0":{"start":{"line":7,"column":0},"end":{"line":7,"column":24}},"1":{"start":{"line":1,"column":0},"end":{"line":1,"column":44}},"2":{"start":{"line":2,"column":0},"end":{"line":2,"column":61}},"3":{"start":{"line":3,"column":0},"end":{"line":3,"column":77}},"4":{"start":{"line":4,"column":0},"end":{"line":4,"column":71}},"5":{"start":{"line":5,"column":0},"end":{"line":5,"column":27}},"6":{"start":{"line":8,"column":2},"end":{"line":15,"column":4}}},"fnMap":{"0":{"name":"App","decl":{"start":{"line":7,"column":24},"end":{"line":7,"column":27}},"loc":{"start":{"line":7,"column":27},"end":{"line":16,"column":1}}}},"branchMap":{},"s":{"0":1,"1":1,"2":1,"3":1,"4":1,"5":1,"6":1},"f":{"0":1},"b":{}}
,"C:\\Users\\Tarek Bentarzi\\Documents\\qlearn\\app-ui\\index.ts": {"path":"C:\\Users\\Tarek Bentarzi\\Documents\\qlearn\\app-ui\\index.ts","statementMap":{"0":{"start":{"line":1,"column":0},"end":{"line":1,"column":45}},"1":{"start":{"line":3,"column":0},"end":{"line":3,"column":24}},"2":{"start":{"line":8,"column":0},"end":{"line":8,"column":27}}},"fnMap":{},"branchMap":{},"s":{"0":1,"1":1,"2":1},"f":{},"b":{}}
,"C:\\Users\\Tarek Bentarzi\\Documents\\qlearn\\app-ui\\src\\application\\services\\UserApplicationService.ts": {"path":"C:\\Users\\Tarek Bentarzi\\Documents\\qlearn\\app-ui\\src\\application\\services\\UserApplicationService.ts","statementMap":{"0":{"start":{"line":1,"column":0},"end":{"line":1,"column":74}},"1":{"start":{"line":2,"column":0},"end":{"line":2,"column":76}},"2":{"start":{"line":3,"column":0},"end":{"line":3,"column":72}},"3":{"start":{"line":7,"column":0},"end":{"line":7,"column":60}},"4":{"start":{"line":8,"column":0},"end":{"line":8,"column":68}},"5":{"start":{"line":16,"column":4},"end":{"line":16,"column":69}},"6":{"start":{"line":17,"column":4},"end":{"line":17,"column":71}},"7":{"start":{"line":18,"column":4},"end":{"line":18,"column":53}},"8":{"start":{"line":22,"column":18},"end":{"line":22,"column":57}},"9":{"start":{"line":23,"column":4},"end":{"line":27,"column":8}},"10":{"start":{"line":23,"column":32},"end":{"line":27,"column":6}},"11":{"start":{"line":31,"column":17},"end":{"line":31,"column":62}},"12":{"start":{"line":32,"column":4},"end":{"line":36,"column":6}},"13":{"start":{"line":40,"column":21},"end":{"line":40,"column":77}},"14":{"start":{"line":41,"column":4},"end":{"line":41,"column":46}},"15":{"start":{"line":42,"column":4},"end":{"line":42,"column":49}},"16":{"start":{"line":43,"column":4},"end":{"line":46,"column":6}},"17":{"start":{"line":50,"column":4},"end":{"line":50,"column":43}},"18":{"start":{"line":51,"column":4},"end":{"line":51,"column":29}},"19":{"start":{"line":52,"column":4},"end":{"line":52,"column":29}},"20":{"start":{"line":53,"column":4},"end":{"line":53,"column":28}},"21":{"start":{"line":10,"column":0},"end":{"line":10,"column":13}}},"fnMap":{"0":{"name":"(anonymous_0)","decl":{"start":{"line":15,"column":2},"end":{"line":15,"column":14}},"loc":{"start":{"line":15,"column":45},"end":{"line":19,"column":3}}},"1":{"name":"(anonymous_1)","decl":{"start":{"line":21,"column":2},"end":{"line":21,"column":7}},"loc":{"start":{"line":21,"column":19},"end":{"line":28,"column":3}}},"2":{"name":"(anonymous_2)","decl":{"start":{"line":23,"column":21},"end":{"line":23,"column":22}},"loc":{"start":{"line":23,"column":32},"end":{"line":27,"column":6}}},"3":{"name":"(anonymous_3)","decl":{"start":{"line":30,"column":2},"end":{"line":30,"column":7}},"loc":{"start":{"line":30,"column":39},"end":{"line":37,"column":3}}},"4":{"name":"(anonymous_4)","decl":{"start":{"line":39,"column":2},"end":{"line":39,"column":7}},"loc":{"start":{"line":39,"column":45},"end":{"line":47,"column":3}}},"5":{"name":"(anonymous_5)","decl":{"start":{"line":49,"column":2},"end":{"line":49,"column":7}},"loc":{"start":{"line":49,"column":14},"end":{"line":54,"column":3}}}},"branchMap":{},"s":{"0":5,"1":5,"2":5,"3":5,"4":5,"5":8,"6":8,"7":8,"8":1,"9":1,"10":2,"11":1,"12":1,"13":1,"14":1,"15":1,"16":1,"17":1,"18":1,"19":1,"20":1,"21":5},"f":{"0":8,"1":1,"2":2,"3":1,"4":1,"5":1},"b":{}}
,"C:\\Users\\Tarek Bentarzi\\Documents\\qlearn\\app-ui\\src\\domain\\usecases\\GetAllUsersUseCase.ts": {"path":"C:\\Users\\Tarek Bentarzi\\Documents\\qlearn\\app-ui\\src\\domain\\usecases\\GetAllUsersUseCase.ts","statementMap":{"0":{"start":{"line":10,"column":22},"end":{"line":10,"column":53}},"1":{"start":{"line":13,"column":4},"end":{"line":13,"column":41}},"2":{"start":{"line":9,"column":0},"end":{"line":9,"column":13}}},"fnMap":{"0":{"name":"(anonymous_0)","decl":{"start":{"line":10,"column":2},"end":{"line":10,"column":22}},"loc":{"start":{"line":10,"column":53},"end":{"line":10,"column":57}}},"1":{"name":"(anonymous_1)","decl":{"start":{"line":12,"column":2},"end":{"line":12,"column":7}},"loc":{"start":{"line":12,"column":15},"end":{"line":14,"column":3}}}},"branchMap":{},"s":{"0":11,"1":4,"2":6},"f":{"0":11,"1":4},"b":{}}
,"C:\\Users\\Tarek Bentarzi\\Documents\\qlearn\\app-ui\\src\\domain\\usecases\\LogoutUserUseCase.ts": {"path":"C:\\Users\\Tarek Bentarzi\\Documents\\qlearn\\app-ui\\src\\domain\\usecases\\LogoutUserUseCase.ts","statementMap":{"0":{"start":{"line":1,"column":0},"end":{"line":1,"column":68}},"1":{"start":{"line":7,"column":8},"end":{"line":7,"column":32}},"2":{"start":{"line":3,"column":0},"end":{"line":3,"column":13}}},"fnMap":{"0":{"name":"(anonymous_0)","decl":{"start":{"line":4,"column":4},"end":{"line":4,"column":20}},"loc":{"start":{"line":4,"column":4},"end":{"line":4,"column":21}}},"1":{"name":"(anonymous_1)","decl":{"start":{"line":6,"column":4},"end":{"line":6,"column":9}},"loc":{"start":{"line":6,"column":17},"end":{"line":8,"column":5}}}},"branchMap":{},"s":{"0":5,"1":1,"2":5},"f":{"0":6,"1":1},"b":{}}
,"C:\\Users\\Tarek Bentarzi\\Documents\\qlearn\\app-ui\\src\\domain\\usecases\\RegisterUserUseCase.ts": {"path":"C:\\Users\\Tarek Bentarzi\\Documents\\qlearn\\app-ui\\src\\domain\\usecases\\RegisterUserUseCase.ts","statementMap":{"0":{"start":{"line":5,"column":24},"end":{"line":5,"column":55}},"1":{"start":{"line":8,"column":8},"end":{"line":10,"column":9}},"2":{"start":{"line":9,"column":12},"end":{"line":9,"column":59}},"3":{"start":{"line":11,"column":8},"end":{"line":11,"column":49}},"4":{"start":{"line":4,"column":0},"end":{"line":4,"column":13}}},"fnMap":{"0":{"name":"(anonymous_0)","decl":{"start":{"line":5,"column":4},"end":{"line":5,"column":24}},"loc":{"start":{"line":5,"column":55},"end":{"line":5,"column":60}}},"1":{"name":"(anonymous_1)","decl":{"start":{"line":7,"column":4},"end":{"line":7,"column":9}},"loc":{"start":{"line":7,"column":40},"end":{"line":12,"column":5}}}},"branchMap":{"0":{"loc":{"start":{"line":8,"column":8},"end":{"line":10,"column":9}},"type":"if","locations":[{"start":{"line":8,"column":8},"end":{"line":10,"column":9}}]},"1":{"loc":{"start":{"line":8,"column":12},"end":{"line":8,"column":39}},"type":"binary-expr","locations":[{"start":{"line":8,"column":12},"end":{"line":8,"column":24}},{"start":{"line":8,"column":28},"end":{"line":8,"column":39}}]}},"s":{"0":11,"1":4,"2":2,"3":2,"4":6},"f":{"0":11,"1":4},"b":{"0":[2],"1":[4,3]}}
,"C:\\Users\\Tarek Bentarzi\\Documents\\qlearn\\app-ui\\src\\infra\\primary\\components\\AuthForm.tsx": {"path":"C:\\Users\\Tarek Bentarzi\\Documents\\qlearn\\app-ui\\src\\infra\\primary\\components\\AuthForm.tsx","statementMap":{"0":{"start":{"line":2,"column":0},"end":{"line":2,"column":91}},"1":{"start":{"line":16,"column":49},"end":{"line":57,"column":1}},"2":{"start":{"line":27,"column":4},"end":{"line":56,"column":6}},"3":{"start":{"line":16,"column":13},"end":{"line":16,"column":49}},"4":{"start":{"line":59,"column":15},"end":{"line":115,"column":2}}},"fnMap":{"0":{"name":"(anonymous_0)","decl":{"start":{"line":16,"column":49},"end":{"line":16,"column":50}},"loc":{"start":{"line":26,"column":5},"end":{"line":57,"column":1}}}},"branchMap":{"0":{"loc":{"start":{"line":36,"column":13},"end":{"line":36,"column":67}},"type":"binary-expr","locations":[{"start":{"line":36,"column":13},"end":{"line":36,"column":18}},{"start":{"line":36,"column":22},"end":{"line":36,"column":67}}]},"1":{"loc":{"start":{"line":39,"column":39},"end":{"line":39,"column":71}},"type":"binary-expr","locations":[{"start":{"line":39,"column":39},"end":{"line":39,"column":46}},{"start":{"line":39,"column":50},"end":{"line":39,"column":71}}]},"2":{"loc":{"start":{"line":43,"column":17},"end":{"line":46,"column":null}},"type":"cond-expr","locations":[{"start":{"line":44,"column":20},"end":{"line":44,"column":54}},{"start":{"line":46,"column":20},"end":{"line":46,"column":72}}]},"3":{"loc":{"start":{"line":50,"column":13},"end":{"line":53,"column":null}},"type":"binary-expr","locations":[{"start":{"line":50,"column":13},"end":{"line":50,"column":33}},{"start":{"line":50,"column":37},"end":{"line":50,"column":54}},{"start":{"line":51,"column":16},"end":{"line":52,"column":null}}]}},"s":{"0":2,"1":2,"2":5,"3":2,"4":2},"f":{"0":5},"b":{"0":[5,1],"1":[5,1],"2":[1,4],"3":[5,1,1]}}
,"C:\\Users\\Tarek Bentarzi\\Documents\\qlearn\\app-ui\\src\\infra\\primary\\components\\AuthFormFactory.tsx": {"path":"C:\\Users\\Tarek Bentarzi\\Documents\\qlearn\\app-ui\\src\\infra\\primary\\components\\AuthFormFactory.tsx","statementMap":{"0":{"start":{"line":1,"column":0},"end":{"line":1,"column":40}},"1":{"start":{"line":2,"column":0},"end":{"line":2,"column":66}},"2":{"start":{"line":3,"column":0},"end":{"line":3,"column":55}},"3":{"start":{"line":4,"column":0},"end":{"line":4,"column":47}},"4":{"start":{"line":5,"column":0},"end":{"line":5,"column":38}},"5":{"start":{"line":14,"column":63},"end":{"line":91,"column":1}},"6":{"start":{"line":20,"column":18},"end":{"line":20,"column":34}},"7":{"start":{"line":21,"column":28},"end":{"line":21,"column":40}},"8":{"start":{"line":22,"column":30},"end":{"line":22,"column":42}},"9":{"start":{"line":23,"column":36},"end":{"line":23,"column":48}},"10":{"start":{"line":24,"column":30},"end":{"line":24,"column":59}},"11":{"start":{"line":26,"column":25},"end":{"line":37,"column":5}},"12":{"start":{"line":27,"column":8},"end":{"line":30,"column":9}},"13":{"start":{"line":28,"column":12},"end":{"line":28,"column":44}},"14":{"start":{"line":29,"column":12},"end":{"line":29,"column":19}},"15":{"start":{"line":31,"column":8},"end":{"line":31,"column":23}},"16":{"start":{"line":32,"column":8},"end":{"line":36,"column":9}},"17":{"start":{"line":33,"column":12},"end":{"line":33,"column":54}},"18":{"start":{"line":35,"column":12},"end":{"line":35,"column":59}},"19":{"start":{"line":39,"column":20},"end":{"line":39,"column":36}},"20":{"start":{"line":41,"column":4},"end":{"line":90,"column":6}},"21":{"start":{"line":14,"column":13},"end":{"line":14,"column":63}},"22":{"start":{"line":93,"column":15},"end":{"line":112,"column":2}}},"fnMap":{"0":{"name":"(anonymous_0)","decl":{"start":{"line":14,"column":63},"end":{"line":14,"column":64}},"loc":{"start":{"line":19,"column":5},"end":{"line":91,"column":1}}},"1":{"name":"(anonymous_1)","decl":{"start":{"line":26,"column":25},"end":{"line":26,"column":30}},"loc":{"start":{"line":26,"column":36},"end":{"line":37,"column":5}}}},"branchMap":{"0":{"loc":{"start":{"line":27,"column":8},"end":{"line":30,"column":9}},"type":"if","locations":[{"start":{"line":27,"column":8},"end":{"line":30,"column":9}}]},"1":{"loc":{"start":{"line":27,"column":12},"end":{"line":27,"column":65}},"type":"binary-expr","locations":[{"start":{"line":27,"column":12},"end":{"line":27,"column":18}},{"start":{"line":27,"column":22},"end":{"line":27,"column":31}},{"start":{"line":27,"column":36},"end":{"line":27,"column":55}},{"start":{"line":27,"column":59},"end":{"line":27,"column":64}}]},"2":{"loc":{"start":{"line":35,"column":21},"end":{"line":35,"column":57}},"type":"binary-expr","locations":[{"start":{"line":35,"column":21},"end":{"line":35,"column":32}},{"start":{"line":35,"column":36},"end":{"line":35,"column":57}}]},"3":{"loc":{"start":{"line":43,"column":19},"end":{"line":43,"column":73}},"type":"cond-expr","locations":[{"start":{"line":43,"column":29},"end":{"line":43,"column":46}},{"start":{"line":43,"column":49},"end":{"line":43,"column":73}}]},"4":{"loc":{"start":{"line":44,"column":22},"end":{"line":44,"column":86}},"type":"cond-expr","locations":[{"start":{"line":44,"column":32},"end":{"line":44,"column":56}},{"start":{"line":44,"column":59},"end":{"line":44,"column":86}}]},"5":{"loc":{"start":{"line":45,"column":25},"end":{"line":45,"column":85}},"type":"cond-expr","locations":[{"start":{"line":45,"column":35},"end":{"line":45,"column":57}},{"start":{"line":45,"column":60},"end":{"line":45,"column":85}}]},"6":{"loc":{"start":{"line":49,"column":34},"end":{"line":49,"column":98}},"type":"cond-expr","locations":[{"start":{"line":49,"column":44},"end":{"line":49,"column":70}},{"start":{"line":49,"column":73},"end":{"line":49,"column":98}}]},"7":{"loc":{"start":{"line":52,"column":13},"end":{"line":62,"column":null}},"type":"binary-expr","locations":[{"start":{"line":52,"column":13},"end":{"line":52,"column":32}},{"start":{"line":53,"column":16},"end":{"line":61,"column":null}}]}},"s":{"0":2,"1":2,"2":2,"3":2,"4":2,"5":2,"6":13,"7":13,"8":13,"9":13,"10":13,"11":13,"12":4,"13":2,"14":2,"15":2,"16":2,"17":2,"18":1,"19":13,"20":13,"21":2,"22":2},"f":{"0":13,"1":4},"b":{"0":[2],"1":[4,2,2,0],"2":[1,0],"3":[10,3],"4":[10,3],"5":[10,3],"6":[10,3],"7":[13,3]}}
,"C:\\Users\\Tarek Bentarzi\\Documents\\qlearn\\app-ui\\src\\infra\\primary\\components\\AuthHeader.tsx": {"path":"C:\\Users\\Tarek Bentarzi\\Documents\\qlearn\\app-ui\\src\\infra\\primary\\components\\AuthHeader.tsx","statementMap":{"0":{"start":{"line":2,"column":0},"end":{"line":2,"column":72}},"1":{"start":{"line":11,"column":43},"end":{"line":30,"column":1}},"2":{"start":{"line":12,"column":4},"end":{"line":29,"column":6}},"3":{"start":{"line":11,"column":13},"end":{"line":11,"column":43}},"4":{"start":{"line":32,"column":15},"end":{"line":85,"column":2}}},"fnMap":{"0":{"name":"(anonymous_0)","decl":{"start":{"line":11,"column":43},"end":{"line":11,"column":44}},"loc":{"start":{"line":11,"column":87},"end":{"line":30,"column":1}}}},"branchMap":{"0":{"loc":{"start":{"line":15,"column":17},"end":{"line":25,"column":null}},"type":"cond-expr","locations":[{"start":{"line":16,"column":20},"end":{"line":20,"column":null}},{"start":{"line":23,"column":20},"end":{"line":24,"column":null}}]}},"s":{"0":1,"1":1,"2":4,"3":1,"4":1},"f":{"0":4},"b":{"0":[2,2]}}
,"C:\\Users\\Tarek Bentarzi\\Documents\\qlearn\\app-ui\\src\\infra\\primary\\components\\ProgressBar.tsx": {"path":"C:\\Users\\Tarek Bentarzi\\Documents\\qlearn\\app-ui\\src\\infra\\primary\\components\\ProgressBar.tsx","statementMap":{"0":{"start":{"line":2,"column":0},"end":{"line":2,"column":54}},"1":{"start":{"line":12,"column":27},"end":{"line":40,"column":1}},"2":{"start":{"line":19,"column":23},"end":{"line":19,"column":65}},"3":{"start":{"line":21,"column":4},"end":{"line":39,"column":6}},"4":{"start":{"line":12,"column":13},"end":{"line":12,"column":27}},"5":{"start":{"line":42,"column":15},"end":{"line":60,"column":2}}},"fnMap":{"0":{"name":"(anonymous_0)","decl":{"start":{"line":12,"column":27},"end":{"line":12,"column":28}},"loc":{"start":{"line":18,"column":23},"end":{"line":40,"column":1}}}},"branchMap":{"0":{"loc":{"start":{"line":14,"column":4},"end":{"line":14,"column":21}},"type":"default-arg","locations":[{"start":{"line":14,"column":12},"end":{"line":14,"column":21}}]},"1":{"loc":{"start":{"line":15,"column":4},"end":{"line":15,"column":20}},"type":"default-arg","locations":[{"start":{"line":15,"column":15},"end":{"line":15,"column":20}}]},"2":{"loc":{"start":{"line":17,"column":4},"end":{"line":17,"column":14}},"type":"default-arg","locations":[{"start":{"line":17,"column":13},"end":{"line":17,"column":14}}]},"3":{"loc":{"start":{"line":35,"column":13},"end":{"line":36,"column":null}},"type":"binary-expr","locations":[{"start":{"line":35,"column":13},"end":{"line":35,"column":21}},{"start":{"line":36,"column":16},"end":{"line":36,"column":87}}]},"4":{"loc":{"start":{"line":36,"column":43},"end":{"line":36,"column":79}},"type":"binary-expr","locations":[{"start":{"line":36,"column":43},"end":{"line":36,"column":47}},{"start":{"line":36,"column":51},"end":{"line":36,"column":79}}]}},"s":{"0":1,"1":1,"2":9,"3":9,"4":1,"5":1},"f":{"0":9},"b":{"0":[8],"1":[5],"2":[8],"3":[9,4],"4":[4,3]}}
,"C:\\Users\\Tarek Bentarzi\\Documents\\qlearn\\app-ui\\src\\infra\\primary\\navigation\\AppNavigator.tsx": {"path":"C:\\Users\\Tarek Bentarzi\\Documents\\qlearn\\app-ui\\src\\infra\\primary\\navigation\\AppNavigator.tsx","statementMap":{"0":{"start":{"line":2,"column":0},"end":{"line":2,"column":63}},"1":{"start":{"line":3,"column":0},"end":{"line":3,"column":76}},"2":{"start":{"line":4,"column":0},"end":{"line":4,"column":70}},"3":{"start":{"line":5,"column":0},"end":{"line":5,"column":74}},"4":{"start":{"line":6,"column":0},"end":{"line":6,"column":71}},"5":{"start":{"line":7,"column":0},"end":{"line":7,"column":88}},"6":{"start":{"line":8,"column":0},"end":{"line":8,"column":89}},"7":{"start":{"line":9,"column":0},"end":{"line":9,"column":68}},"8":{"start":{"line":10,"column":0},"end":{"line":10,"column":71}},"9":{"start":{"line":11,"column":0},"end":{"line":11,"column":53}},"10":{"start":{"line":12,"column":0},"end":{"line":12,"column":51}},"11":{"start":{"line":13,"column":0},"end":{"line":13,"column":57}},"12":{"start":{"line":14,"column":0},"end":{"line":14,"column":70}},"13":{"start":{"line":15,"column":0},"end":{"line":15,"column":62}},"14":{"start":{"line":32,"column":14},"end":{"line":32,"column":62}},"15":{"start":{"line":34,"column":28},"end":{"line":109,"column":1}},"16":{"start":{"line":35,"column":4},"end":{"line":108,"column":6}},"17":{"start":{"line":45,"column":24},"end":{"line":45,"column":92}},"18":{"start":{"line":45,"column":57},"end":{"line":45,"column":88}},"19":{"start":{"line":104,"column":32},"end":{"line":104,"column":57}},"20":{"start":{"line":34,"column":13},"end":{"line":34,"column":28}}},"fnMap":{"0":{"name":"(anonymous_0)","decl":{"start":{"line":34,"column":28},"end":{"line":34,"column":31}},"loc":{"start":{"line":34,"column":33},"end":{"line":109,"column":1}}},"1":{"name":"(anonymous_1)","decl":{"start":{"line":44,"column":21},"end":{"line":44,"column":22}},"loc":{"start":{"line":45,"column":24},"end":{"line":45,"column":92}}},"2":{"name":"(anonymous_2)","decl":{"start":{"line":45,"column":51},"end":{"line":45,"column":54}},"loc":{"start":{"line":45,"column":57},"end":{"line":45,"column":88}}},"3":{"name":"(anonymous_3)","decl":{"start":{"line":104,"column":21},"end":{"line":104,"column":22}},"loc":{"start":{"line":104,"column":32},"end":{"line":104,"column":57}}}},"branchMap":{},"s":{"0":1,"1":1,"2":1,"3":1,"4":1,"5":1,"6":1,"7":1,"8":1,"9":1,"10":1,"11":1,"12":1,"13":1,"14":1,"15":1,"16":4,"17":4,"18":1,"19":4,"20":1},"f":{"0":4,"1":4,"2":1,"3":4},"b":{}}
,"C:\\Users\\Tarek Bentarzi\\Documents\\qlearn\\app-ui\\src\\infra\\primary\\quran\\QuranDashboard.tsx": {"path":"C:\\Users\\Tarek Bentarzi\\Documents\\qlearn\\app-ui\\src\\infra\\primary\\quran\\QuranDashboard.tsx","statementMap":{"0":{"start":{"line":16,"column":0},"end":{"line":16,"column":16}},"1":{"start":{"line":2,"column":0},"end":{"line":2,"column":null}},"2":{"start":{"line":9,"column":0},"end":{"line":9,"column":63}},"3":{"start":{"line":10,"column":0},"end":{"line":10,"column":84}},"4":{"start":{"line":17,"column":19},"end":{"line":17,"column":28}},"5":{"start":{"line":18,"column":17},"end":{"line":18,"column":25}},"6":{"start":{"line":20,"column":49},"end":{"line":20,"column":74}},"7":{"start":{"line":21,"column":59},"end":{"line":21,"column":89}},"8":{"start":{"line":22,"column":51},"end":{"line":22,"column":77}},"9":{"start":{"line":24,"column":2},"end":{"line":47,"column":3}},"10":{"start":{"line":25,"column":4},"end":{"line":46,"column":6}},"11":{"start":{"line":31,"column":27},"end":{"line":31,"column":56}},"12":{"start":{"line":41,"column":25},"end":{"line":41,"column":60}},"13":{"start":{"line":49,"column":25},"end":{"line":51,"column":10}},"14":{"start":{"line":50,"column":11},"end":{"line":50,"column":34}},"15":{"start":{"line":52,"column":26},"end":{"line":54,"column":10}},"16":{"start":{"line":53,"column":11},"end":{"line":53,"column":34}},"17":{"start":{"line":57,"column":4},"end":{"line":62,"column":9}},"18":{"start":{"line":59,"column":43},"end":{"line":59,"column":65}},"19":{"start":{"line":64,"column":2},"end":{"line":185,"column":4}},"20":{"start":{"line":125,"column":16},"end":{"line":125,"column":40}},"21":{"start":{"line":157,"column":34},"end":{"line":157,"column":58}},"22":{"start":{"line":163,"column":34},"end":{"line":163,"column":56}},"23":{"start":{"line":169,"column":60},"end":{"line":169,"column":82}},"24":{"start":{"line":178,"column":23},"end":{"line":178,"column":58}},"25":{"start":{"line":189,"column":2},"end":{"line":194,"column":4}},"26":{"start":{"line":197,"column":15},"end":{"line":373,"column":2}}},"fnMap":{"0":{"name":"QuranDashboard","decl":{"start":{"line":16,"column":16},"end":{"line":16,"column":30}},"loc":{"start":{"line":16,"column":66},"end":{"line":186,"column":1}}},"1":{"name":"(anonymous_1)","decl":{"start":{"line":31,"column":21},"end":{"line":31,"column":24}},"loc":{"start":{"line":31,"column":27},"end":{"line":31,"column":56}}},"2":{"name":"(anonymous_2)","decl":{"start":{"line":41,"column":19},"end":{"line":41,"column":22}},"loc":{"start":{"line":41,"column":25},"end":{"line":41,"column":60}}},"3":{"name":"(anonymous_3)","decl":{"start":{"line":50,"column":4},"end":{"line":50,"column":5}},"loc":{"start":{"line":50,"column":11},"end":{"line":50,"column":34}}},"4":{"name":"(anonymous_4)","decl":{"start":{"line":53,"column":4},"end":{"line":53,"column":5}},"loc":{"start":{"line":53,"column":11},"end":{"line":53,"column":34}}},"5":{"name":"(anonymous_5)","decl":{"start":{"line":59,"column":31},"end":{"line":59,"column":32}},"loc":{"start":{"line":59,"column":43},"end":{"line":59,"column":65}}},"6":{"name":"(anonymous_6)","decl":{"start":{"line":124,"column":41},"end":{"line":124,"column":42}},"loc":{"start":{"line":125,"column":16},"end":{"line":125,"column":40}}},"7":{"name":"(anonymous_7)","decl":{"start":{"line":157,"column":22},"end":{"line":157,"column":23}},"loc":{"start":{"line":157,"column":34},"end":{"line":157,"column":58}}},"8":{"name":"(anonymous_8)","decl":{"start":{"line":163,"column":22},"end":{"line":163,"column":23}},"loc":{"start":{"line":163,"column":34},"end":{"line":163,"column":56}}},"9":{"name":"(anonymous_9)","decl":{"start":{"line":169,"column":48},"end":{"line":169,"column":49}},"loc":{"start":{"line":169,"column":60},"end":{"line":169,"column":82}}},"10":{"name":"(anonymous_10)","decl":{"start":{"line":178,"column":17},"end":{"line":178,"column":20}},"loc":{"start":{"line":178,"column":23},"end":{"line":178,"column":58}}},"11":{"name":"StatRow","decl":{"start":{"line":188,"column":9},"end":{"line":188,"column":16}},"loc":{"start":{"line":188,"column":67},"end":{"line":195,"column":1}}}},"branchMap":{"0":{"loc":{"start":{"line":20,"column":61},"end":{"line":20,"column":73}},"type":"binary-expr","locations":[{"start":{"line":20,"column":61},"end":{"line":20,"column":67}},{"start":{"line":20,"column":71},"end":{"line":20,"column":73}}]},"1":{"loc":{"start":{"line":21,"column":76},"end":{"line":21,"column":88}},"type":"binary-expr","locations":[{"start":{"line":21,"column":76},"end":{"line":21,"column":82}},{"start":{"line":21,"column":86},"end":{"line":21,"column":88}}]},"2":{"loc":{"start":{"line":22,"column":64},"end":{"line":22,"column":76}},"type":"binary-expr","locations":[{"start":{"line":22,"column":64},"end":{"line":22,"column":70}},{"start":{"line":22,"column":74},"end":{"line":22,"column":76}}]},"3":{"loc":{"start":{"line":24,"column":2},"end":{"line":47,"column":3}},"type":"if","locations":[{"start":{"line":24,"column":2},"end":{"line":47,"column":3}}]},"4":{"loc":{"start":{"line":57,"column":4},"end":{"line":62,"column":9}},"type":"cond-expr","locations":[{"start":{"line":58,"column":8},"end":{"line":60,"column":null}},{"start":{"line":62,"column":8},"end":{"line":62,"column":9}}]},"5":{"loc":{"start":{"line":74,"column":9},"end":{"line":86,"column":null}},"type":"cond-expr","locations":[{"start":{"line":75,"column":10},"end":{"line":75,"column":63}},{"start":{"line":76,"column":12},"end":{"line":86,"column":null}}]},"6":{"loc":{"start":{"line":76,"column":12},"end":{"line":86,"column":null}},"type":"cond-expr","locations":[{"start":{"line":77,"column":10},"end":{"line":83,"column":null}},{"start":{"line":86,"column":10},"end":{"line":86,"column":78}}]},"7":{"loc":{"start":{"line":93,"column":9},"end":{"line":109,"column":null}},"type":"cond-expr","locations":[{"start":{"line":94,"column":10},"end":{"line":94,"column":63}},{"start":{"line":96,"column":10},"end":{"line":108,"column":null}}]},"8":{"loc":{"start":{"line":116,"column":9},"end":{"line":145,"column":null}},"type":"cond-expr","locations":[{"start":{"line":117,"column":10},"end":{"line":117,"column":63}},{"start":{"line":118,"column":12},"end":{"line":145,"column":null}}]},"9":{"loc":{"start":{"line":118,"column":12},"end":{"line":145,"column":null}},"type":"cond-expr","locations":[{"start":{"line":119,"column":10},"end":{"line":139,"column":null}},{"start":{"line":142,"column":10},"end":{"line":144,"column":null}}]},"10":{"loc":{"start":{"line":121,"column":40},"end":{"line":121,"column":71}},"type":"cond-expr","locations":[{"start":{"line":121,"column":63},"end":{"line":121,"column":66}},{"start":{"line":121,"column":69},"end":{"line":121,"column":71}}]},"11":{"loc":{"start":{"line":135,"column":13},"end":{"line":138,"column":null}},"type":"binary-expr","locations":[{"start":{"line":135,"column":13},"end":{"line":135,"column":33}},{"start":{"line":136,"column":14},"end":{"line":137,"column":null}}]},"12":{"loc":{"start":{"line":137,"column":46},"end":{"line":137,"column":81}},"type":"cond-expr","locations":[{"start":{"line":137,"column":73},"end":{"line":137,"column":76}},{"start":{"line":137,"column":79},"end":{"line":137,"column":81}}]},"13":{"loc":{"start":{"line":168,"column":19},"end":{"line":170,"column":20}},"type":"cond-expr","locations":[{"start":{"line":169,"column":16},"end":{"line":169,"column":127}},{"start":{"line":170,"column":16},"end":{"line":170,"column":20}}]}},"s":{"0":1,"1":1,"2":1,"3":1,"4":0,"5":0,"6":0,"7":0,"8":0,"9":0,"10":0,"11":0,"12":0,"13":0,"14":0,"15":0,"16":0,"17":0,"18":0,"19":0,"20":0,"21":0,"22":0,"23":0,"24":0,"25":0,"26":1},"f":{"0":0,"1":0,"2":0,"3":0,"4":0,"5":0,"6":0,"7":0,"8":0,"9":0,"10":0,"11":0},"b":{"0":[0,0],"1":[0,0],"2":[0,0],"3":[0],"4":[0,0],"5":[0,0],"6":[0,0],"7":[0,0],"8":[0,0],"9":[0,0],"10":[0,0],"11":[0,0],"12":[0,0],"13":[0,0]}}
,"C:\\Users\\Tarek Bentarzi\\Documents\\qlearn\\app-ui\\src\\infra\\primary\\quran\\SouratesList.tsx": {"path":"C:\\Users\\Tarek Bentarzi\\Documents\\qlearn\\app-ui\\src\\infra\\primary\\quran\\SouratesList.tsx","statementMap":{"0":{"start":{"line":16,"column":0},"end":{"line":16,"column":16}},"1":{"start":{"line":2,"column":0},"end":{"line":2,"column":null}},"2":{"start":{"line":10,"column":0},"end":{"line":10,"column":52}},"3":{"start":{"line":17,"column":48},"end":{"line":17,"column":61}},"4":{"start":{"line":19,"column":29},"end":{"line":21,"column":3}},"5":{"start":{"line":20,"column":4},"end":{"line":20,"column":58}},"6":{"start":{"line":23,"column":2},"end":{"line":30,"column":3}},"7":{"start":{"line":24,"column":4},"end":{"line":29,"column":6}},"8":{"start":{"line":32,"column":2},"end":{"line":41,"column":3}},"9":{"start":{"line":33,"column":4},"end":{"line":40,"column":6}},"10":{"start":{"line":43,"column":2},"end":{"line":70,"column":4}},"11":{"start":{"line":46,"column":30},"end":{"line":46,"column":37}},"12":{"start":{"line":48,"column":8},"end":{"line":63,"column":null}},"13":{"start":{"line":50,"column":25},"end":{"line":50,"column":56}},"14":{"start":{"line":73,"column":15},"end":{"line":151,"column":2}}},"fnMap":{"0":{"name":"SouratesList","decl":{"start":{"line":16,"column":16},"end":{"line":16,"column":28}},"loc":{"start":{"line":16,"column":62},"end":{"line":71,"column":1}}},"1":{"name":"(anonymous_1)","decl":{"start":{"line":19,"column":29},"end":{"line":19,"column":30}},"loc":{"start":{"line":19,"column":55},"end":{"line":21,"column":3}}},"2":{"name":"(anonymous_2)","decl":{"start":{"line":46,"column":20},"end":{"line":46,"column":21}},"loc":{"start":{"line":46,"column":30},"end":{"line":46,"column":37}}},"3":{"name":"(anonymous_3)","decl":{"start":{"line":47,"column":18},"end":{"line":47,"column":19}},"loc":{"start":{"line":48,"column":8},"end":{"line":63,"column":null}}},"4":{"name":"(anonymous_4)","decl":{"start":{"line":50,"column":19},"end":{"line":50,"column":22}},"loc":{"start":{"line":50,"column":25},"end":{"line":50,"column":56}}}},"branchMap":{"0":{"loc":{"start":{"line":23,"column":2},"end":{"line":30,"column":3}},"type":"if","locations":[{"start":{"line":23,"column":2},"end":{"line":30,"column":3}}]},"1":{"loc":{"start":{"line":32,"column":2},"end":{"line":41,"column":3}},"type":"if","locations":[{"start":{"line":32,"column":2},"end":{"line":41,"column":3}}]},"2":{"loc":{"start":{"line":61,"column":46},"end":{"line":61,"column":108}},"type":"cond-expr","locations":[{"start":{"line":61,"column":77},"end":{"line":61,"column":91}},{"start":{"line":61,"column":94},"end":{"line":61,"column":108}}]}},"s":{"0":1,"1":1,"2":1,"3":0,"4":0,"5":0,"6":0,"7":0,"8":0,"9":0,"10":0,"11":0,"12":0,"13":0,"14":1},"f":{"0":0,"1":0,"2":0,"3":0,"4":0},"b":{"0":[0],"1":[0],"2":[0,0]}}
,"C:\\Users\\Tarek Bentarzi\\Documents\\qlearn\\app-ui\\src\\infra\\primary\\quran\\VersetsList.tsx": {"path":"C:\\Users\\Tarek Bentarzi\\Documents\\qlearn\\app-ui\\src\\infra\\primary\\quran\\VersetsList.tsx","statementMap":{"0":{"start":{"line":18,"column":0},"end":{"line":18,"column":16}},"1":{"start":{"line":1,"column":0},"end":{"line":1,"column":40}},"2":{"start":{"line":2,"column":0},"end":{"line":2,"column":null}},"3":{"start":{"line":10,"column":0},"end":{"line":10,"column":32}},"4":{"start":{"line":11,"column":0},"end":{"line":11,"column":51}},"5":{"start":{"line":19,"column":28},"end":{"line":19,"column":40}},"6":{"start":{"line":20,"column":47},"end":{"line":20,"column":72}},"7":{"start":{"line":21,"column":28},"end":{"line":21,"column":51}},"8":{"start":{"line":22,"column":36},"end":{"line":22,"column":65}},"9":{"start":{"line":24,"column":2},"end":{"line":30,"column":14}},"10":{"start":{"line":25,"column":4},"end":{"line":29,"column":18}},"11":{"start":{"line":27,"column":10},"end":{"line":27,"column":30}},"12":{"start":{"line":33,"column":4},"end":{"line":68,"column":5}},"13":{"start":{"line":35,"column":6},"end":{"line":41,"column":7}},"14":{"start":{"line":36,"column":8},"end":{"line":36,"column":32}},"15":{"start":{"line":37,"column":8},"end":{"line":37,"column":34}},"16":{"start":{"line":38,"column":8},"end":{"line":38,"column":28}},"17":{"start":{"line":39,"column":8},"end":{"line":39,"column":27}},"18":{"start":{"line":40,"column":8},"end":{"line":40,"column":15}},"19":{"start":{"line":44,"column":6},"end":{"line":48,"column":7}},"20":{"start":{"line":45,"column":8},"end":{"line":45,"column":34}},"21":{"start":{"line":46,"column":8},"end":{"line":46,"column":28}},"22":{"start":{"line":47,"column":8},"end":{"line":47,"column":27}},"23":{"start":{"line":51,"column":34},"end":{"line":53,"column":null}},"24":{"start":{"line":56,"column":6},"end":{"line":56,"column":25}},"25":{"start":{"line":57,"column":6},"end":{"line":57,"column":29}},"26":{"start":{"line":60,"column":6},"end":{"line":64,"column":9}},"27":{"start":{"line":61,"column":8},"end":{"line":63,"column":9}},"28":{"start":{"line":62,"column":10},"end":{"line":62,"column":29}},"29":{"start":{"line":66,"column":6},"end":{"line":66,"column":51}},"30":{"start":{"line":67,"column":6},"end":{"line":67,"column":47}},"31":{"start":{"line":71,"column":2},"end":{"line":78,"column":3}},"32":{"start":{"line":72,"column":4},"end":{"line":77,"column":6}},"33":{"start":{"line":80,"column":2},"end":{"line":89,"column":3}},"34":{"start":{"line":81,"column":4},"end":{"line":88,"column":6}},"35":{"start":{"line":91,"column":2},"end":{"line":125,"column":4}},"36":{"start":{"line":94,"column":30},"end":{"line":94,"column":37}},"37":{"start":{"line":96,"column":8},"end":{"line":118,"column":null}},"38":{"start":{"line":107,"column":31},"end":{"line":107,"column":65}},"39":{"start":{"line":128,"column":15},"end":{"line":215,"column":2}}},"fnMap":{"0":{"name":"VersetsList","decl":{"start":{"line":18,"column":16},"end":{"line":18,"column":27}},"loc":{"start":{"line":18,"column":55},"end":{"line":126,"column":1}}},"1":{"name":"(anonymous_10)","decl":{"start":{"line":24,"column":18},"end":{"line":24,"column":21}},"loc":{"start":{"line":24,"column":23},"end":{"line":30,"column":3}}},"2":{"name":"(anonymous_11)","decl":{"start":{"line":26,"column":8},"end":{"line":26,"column":11}},"loc":{"start":{"line":26,"column":13},"end":{"line":28,"column":9}}},"3":{"name":"playAudio","decl":{"start":{"line":32,"column":17},"end":{"line":32,"column":26}},"loc":{"start":{"line":32,"column":61},"end":{"line":69,"column":3}}},"4":{"name":"(anonymous_13)","decl":{"start":{"line":60,"column":41},"end":{"line":60,"column":42}},"loc":{"start":{"line":60,"column":52},"end":{"line":64,"column":7}}},"5":{"name":"(anonymous_14)","decl":{"start":{"line":94,"column":20},"end":{"line":94,"column":21}},"loc":{"start":{"line":94,"column":30},"end":{"line":94,"column":37}}},"6":{"name":"(anonymous_15)","decl":{"start":{"line":95,"column":18},"end":{"line":95,"column":19}},"loc":{"start":{"line":96,"column":8},"end":{"line":118,"column":null}}},"7":{"name":"(anonymous_16)","decl":{"start":{"line":107,"column":25},"end":{"line":107,"column":28}},"loc":{"start":{"line":107,"column":31},"end":{"line":107,"column":65}}}},"branchMap":{"0":{"loc":{"start":{"line":25,"column":11},"end":{"line":29,"column":17}},"type":"cond-expr","locations":[{"start":{"line":26,"column":8},"end":{"line":28,"column":9}},{"start":{"line":29,"column":8},"end":{"line":29,"column":17}}]},"1":{"loc":{"start":{"line":35,"column":6},"end":{"line":41,"column":7}},"type":"if","locations":[{"start":{"line":35,"column":6},"end":{"line":41,"column":7}}]},"2":{"loc":{"start":{"line":35,"column":10},"end":{"line":35,"column":41}},"type":"binary-expr","locations":[{"start":{"line":35,"column":10},"end":{"line":35,"column":32}},{"start":{"line":35,"column":36},"end":{"line":35,"column":41}}]},"3":{"loc":{"start":{"line":44,"column":6},"end":{"line":48,"column":7}},"type":"if","locations":[{"start":{"line":44,"column":6},"end":{"line":48,"column":7}}]},"4":{"loc":{"start":{"line":61,"column":8},"end":{"line":63,"column":9}},"type":"if","locations":[{"start":{"line":61,"column":8},"end":{"line":63,"column":9}}]},"5":{"loc":{"start":{"line":61,"column":12},"end":{"line":61,"column":51}},"type":"binary-expr","locations":[{"start":{"line":61,"column":12},"end":{"line":61,"column":27}},{"start":{"line":61,"column":31},"end":{"line":61,"column":51}}]},"6":{"loc":{"start":{"line":71,"column":2},"end":{"line":78,"column":3}},"type":"if","locations":[{"start":{"line":71,"column":2},"end":{"line":78,"column":3}}]},"7":{"loc":{"start":{"line":80,"column":2},"end":{"line":89,"column":3}},"type":"if","locations":[{"start":{"line":80,"column":2},"end":{"line":89,"column":3}}]},"8":{"loc":{"start":{"line":101,"column":13},"end":{"line":112,"column":null}},"type":"binary-expr","locations":[{"start":{"line":101,"column":13},"end":{"line":101,"column":26}},{"start":{"line":102,"column":14},"end":{"line":111,"column":null}}]},"9":{"loc":{"start":{"line":105,"column":18},"end":{"line":105,"column":68}},"type":"binary-expr","locations":[{"start":{"line":105,"column":18},"end":{"line":105,"column":39}},{"start":{"line":105,"column":43},"end":{"line":105,"column":68}}]},"10":{"loc":{"start":{"line":110,"column":19},"end":{"line":110,"column":54}},"type":"cond-expr","locations":[{"start":{"line":110,"column":43},"end":{"line":110,"column":47}},{"start":{"line":110,"column":50},"end":{"line":110,"column":54}}]}},"s":{"0":1,"1":1,"2":1,"3":1,"4":1,"5":0,"6":0,"7":0,"8":0,"9":0,"10":0,"11":0,"12":0,"13":0,"14":0,"15":0,"16":0,"17":0,"18":0,"19":0,"20":0,"21":0,"22":0,"23":0,"24":0,"25":0,"26":0,"27":0,"28":0,"29":0,"30":0,"31":0,"32":0,"33":0,"34":0,"35":0,"36":0,"37":0,"38":0,"39":1},"f":{"0":0,"1":0,"2":0,"3":0,"4":0,"5":0,"6":0,"7":0},"b":{"0":[0,0],"1":[0],"2":[0,0],"3":[0],"4":[0],"5":[0,0],"6":[0],"7":[0],"8":[0,0],"9":[0,0],"10":[0,0]}}
,"C:\\Users\\Tarek Bentarzi\\Documents\\qlearn\\app-ui\\src\\infra\\primary\\screens\\MainMenuScreen\\MainMenuScreen.styles.ts": {"path":"C:\\Users\\Tarek Bentarzi\\Documents\\qlearn\\app-ui\\src\\infra\\primary\\screens\\MainMenuScreen\\MainMenuScreen.styles.ts","statementMap":{"0":{"start":{"line":1,"column":0},"end":{"line":1,"column":42}},"1":{"start":{"line":4,"column":13},"end":{"line":252,"column":3}}},"fnMap":{},"branchMap":{},"s":{"0":2,"1":2},"f":{},"b":{}}
,"C:\\Users\\Tarek Bentarzi\\Documents\\qlearn\\app-ui\\src\\infra\\primary\\screens\\MainMenuScreen\\MainMenuScreen.tsx": {"path":"C:\\Users\\Tarek Bentarzi\\Documents\\qlearn\\app-ui\\src\\infra\\primary\\screens\\MainMenuScreen\\MainMenuScreen.tsx","statementMap":{"0":{"start":{"line":1,"column":0},"end":{"line":1,"column":51}},"1":{"start":{"line":2,"column":0},"end":{"line":2,"column":84}},"2":{"start":{"line":3,"column":0},"end":{"line":3,"column":96}},"3":{"start":{"line":4,"column":0},"end":{"line":4,"column":47}},"4":{"start":{"line":5,"column":0},"end":{"line":5,"column":56}},"5":{"start":{"line":6,"column":0},"end":{"line":6,"column":72}},"6":{"start":{"line":7,"column":0},"end":{"line":7,"column":68}},"7":{"start":{"line":8,"column":0},"end":{"line":8,"column":83}},"8":{"start":{"line":9,"column":0},"end":{"line":9,"column":78}},"9":{"start":{"line":10,"column":0},"end":{"line":10,"column":49}},"10":{"start":{"line":15,"column":30},"end":{"line":243,"column":1}},"11":{"start":{"line":16,"column":18},"end":{"line":16,"column":34}},"12":{"start":{"line":17,"column":21},"end":{"line":17,"column":30}},"13":{"start":{"line":18,"column":39},"end":{"line":18,"column":56}},"14":{"start":{"line":19,"column":52},"end":{"line":19,"column":67}},"15":{"start":{"line":21,"column":23},"end":{"line":21,"column":29}},"16":{"start":{"line":24,"column":4},"end":{"line":33,"column":11}},"17":{"start":{"line":25,"column":34},"end":{"line":30,"column":9}},"18":{"start":{"line":26,"column":36},"end":{"line":26,"column":87}},"19":{"start":{"line":27,"column":12},"end":{"line":29,"column":13}},"20":{"start":{"line":28,"column":16},"end":{"line":28,"column":42}},"21":{"start":{"line":32,"column":8},"end":{"line":32,"column":28}},"22":{"start":{"line":35,"column":36},"end":{"line":38,"column":5}},"23":{"start":{"line":36,"column":8},"end":{"line":36,"column":35}},"24":{"start":{"line":37,"column":8},"end":{"line":37,"column":73}},"25":{"start":{"line":40,"column":4},"end":{"line":242,"column":6}},"26":{"start":{"line":60,"column":39},"end":{"line":60,"column":114}},"27":{"start":{"line":95,"column":39},"end":{"line":95,"column":68}},"28":{"start":{"line":130,"column":31},"end":{"line":130,"column":61}},"29":{"start":{"line":161,"column":31},"end":{"line":161,"column":109}},"30":{"start":{"line":220,"column":31},"end":{"line":220,"column":68}},"31":{"start":{"line":15,"column":13},"end":{"line":15,"column":30}}},"fnMap":{"0":{"name":"(anonymous_0)","decl":{"start":{"line":15,"column":30},"end":{"line":15,"column":31}},"loc":{"start":{"line":15,"column":70},"end":{"line":243,"column":1}}},"1":{"name":"(anonymous_1)","decl":{"start":{"line":24,"column":14},"end":{"line":24,"column":17}},"loc":{"start":{"line":24,"column":19},"end":{"line":33,"column":5}}},"2":{"name":"(anonymous_2)","decl":{"start":{"line":25,"column":34},"end":{"line":25,"column":39}},"loc":{"start":{"line":25,"column":45},"end":{"line":30,"column":9}}},"3":{"name":"(anonymous_3)","decl":{"start":{"line":35,"column":36},"end":{"line":35,"column":41}},"loc":{"start":{"line":35,"column":47},"end":{"line":38,"column":5}}},"4":{"name":"(anonymous_4)","decl":{"start":{"line":60,"column":33},"end":{"line":60,"column":36}},"loc":{"start":{"line":60,"column":39},"end":{"line":60,"column":114}}},"5":{"name":"(anonymous_5)","decl":{"start":{"line":95,"column":33},"end":{"line":95,"column":36}},"loc":{"start":{"line":95,"column":39},"end":{"line":95,"column":68}}},"6":{"name":"(anonymous_6)","decl":{"start":{"line":130,"column":25},"end":{"line":130,"column":28}},"loc":{"start":{"line":130,"column":31},"end":{"line":130,"column":61}}},"7":{"name":"(anonymous_7)","decl":{"start":{"line":161,"column":25},"end":{"line":161,"column":28}},"loc":{"start":{"line":161,"column":31},"end":{"line":161,"column":109}}},"8":{"name":"(anonymous_8)","decl":{"start":{"line":220,"column":25},"end":{"line":220,"column":28}},"loc":{"start":{"line":220,"column":31},"end":{"line":220,"column":68}}}},"branchMap":{"0":{"loc":{"start":{"line":27,"column":12},"end":{"line":29,"column":13}},"type":"if","locations":[{"start":{"line":27,"column":12},"end":{"line":29,"column":13}}]},"1":{"loc":{"start":{"line":47,"column":21},"end":{"line":50,"column":null}},"type":"cond-expr","locations":[{"start":{"line":48,"column":24},"end":{"line":48,"column":109}},{"start":{"line":50,"column":24},"end":{"line":50,"column":91}}]},"2":{"loc":{"start":{"line":60,"column":39},"end":{"line":60,"column":114}},"type":"cond-expr","locations":[{"start":{"line":60,"column":52},"end":{"line":60,"column":82}},{"start":{"line":60,"column":85},"end":{"line":60,"column":114}}]},"3":{"loc":{"start":{"line":68,"column":13},"end":{"line":82,"column":null}},"type":"binary-expr","locations":[{"start":{"line":68,"column":13},"end":{"line":68,"column":23}},{"start":{"line":69,"column":16},"end":{"line":81,"column":null}}]},"4":{"loc":{"start":{"line":86,"column":13},"end":{"line":99,"column":null}},"type":"binary-expr","locations":[{"start":{"line":86,"column":13},"end":{"line":86,"column":24}},{"start":{"line":87,"column":16},"end":{"line":98,"column":null}}]},"5":{"loc":{"start":{"line":103,"column":13},"end":{"line":120,"column":null}},"type":"binary-expr","locations":[{"start":{"line":103,"column":13},"end":{"line":103,"column":23}},{"start":{"line":104,"column":16},"end":{"line":119,"column":null}}]},"6":{"loc":{"start":{"line":138,"column":21},"end":{"line":152,"column":null}},"type":"binary-expr","locations":[{"start":{"line":138,"column":21},"end":{"line":138,"column":31}},{"start":{"line":139,"column":24},"end":{"line":151,"column":null}}]},"7":{"loc":{"start":{"line":160,"column":44},"end":{"line":160,"column":76}},"type":"binary-expr","locations":[{"start":{"line":160,"column":44},"end":{"line":160,"column":55}},{"start":{"line":160,"column":59},"end":{"line":160,"column":76}}]},"8":{"loc":{"start":{"line":161,"column":31},"end":{"line":161,"column":109}},"type":"cond-expr","locations":[{"start":{"line":161,"column":44},"end":{"line":161,"column":77}},{"start":{"line":161,"column":80},"end":{"line":161,"column":109}}]},"9":{"loc":{"start":{"line":164,"column":50},"end":{"line":164,"column":104}},"type":"cond-expr","locations":[{"start":{"line":164,"column":63},"end":{"line":164,"column":84}},{"start":{"line":164,"column":87},"end":{"line":164,"column":104}}]},"10":{"loc":{"start":{"line":165,"column":21},"end":{"line":168,"column":null}},"type":"cond-expr","locations":[{"start":{"line":166,"column":24},"end":{"line":166,"column":59}},{"start":{"line":168,"column":24},"end":{"line":168,"column":58}}]},"11":{"loc":{"start":{"line":172,"column":59},"end":{"line":172,"column":91}},"type":"binary-expr","locations":[{"start":{"line":172,"column":59},"end":{"line":172,"column":70}},{"start":{"line":172,"column":74},"end":{"line":172,"column":91}}]},"12":{"loc":{"start":{"line":175,"column":61},"end":{"line":175,"column":93}},"type":"binary-expr","locations":[{"start":{"line":175,"column":61},"end":{"line":175,"column":72}},{"start":{"line":175,"column":76},"end":{"line":175,"column":93}}]},"13":{"loc":{"start":{"line":176,"column":25},"end":{"line":176,"column":133}},"type":"cond-expr","locations":[{"start":{"line":176,"column":38},"end":{"line":176,"column":85}},{"start":{"line":176,"column":88},"end":{"line":176,"column":133}}]},"14":{"loc":{"start":{"line":178,"column":21},"end":{"line":192,"column":null}},"type":"binary-expr","locations":[{"start":{"line":178,"column":21},"end":{"line":178,"column":31}},{"start":{"line":179,"column":24},"end":{"line":191,"column":null}}]}},"s":{"0":2,"1":2,"2":2,"3":2,"4":2,"5":2,"6":2,"7":2,"8":2,"9":2,"10":2,"11":20,"12":20,"13":20,"14":20,"15":20,"16":20,"17":10,"18":10,"19":10,"20":10,"21":10,"22":20,"23":0,"24":0,"25":20,"26":2,"27":1,"28":1,"29":2,"30":0,"31":2},"f":{"0":20,"1":10,"2":10,"3":0,"4":2,"5":1,"6":1,"7":2,"8":0},"b":{"0":[10],"1":[8,12],"2":[1,1],"3":[20,8],"4":[20,12],"5":[20,8],"6":[20,8],"7":[20,12],"8":[1,1],"9":[8,12],"10":[8,12],"11":[20,12],"12":[20,12],"13":[8,12],"14":[20,8]}}
,"C:\\Users\\Tarek Bentarzi\\Documents\\qlearn\\app-ui\\src\\infra\\primary\\screens\\MemorizingScreen\\MemorizingScreen.tsx": {"path":"C:\\Users\\Tarek Bentarzi\\Documents\\qlearn\\app-ui\\src\\infra\\primary\\screens\\MemorizingScreen\\MemorizingScreen.tsx","statementMap":{"0":{"start":{"line":1,"column":0},"end":{"line":1,"column":41}},"1":{"start":{"line":2,"column":0},"end":{"line":2,"column":67}},"2":{"start":{"line":8,"column":32},"end":{"line":19,"column":1}},"3":{"start":{"line":10,"column":4},"end":{"line":12,"column":21}},"4":{"start":{"line":11,"column":8},"end":{"line":11,"column":39}},"5":{"start":{"line":14,"column":4},"end":{"line":18,"column":6}},"6":{"start":{"line":8,"column":13},"end":{"line":8,"column":32}},"7":{"start":{"line":21,"column":15},"end":{"line":28,"column":2}}},"fnMap":{"0":{"name":"(anonymous_0)","decl":{"start":{"line":8,"column":32},"end":{"line":8,"column":33}},"loc":{"start":{"line":8,"column":74},"end":{"line":19,"column":1}}},"1":{"name":"(anonymous_1)","decl":{"start":{"line":10,"column":14},"end":{"line":10,"column":17}},"loc":{"start":{"line":10,"column":19},"end":{"line":12,"column":5}}}},"branchMap":{},"s":{"0":1,"1":1,"2":1,"3":2,"4":2,"5":2,"6":1,"7":1},"f":{"0":2,"1":2},"b":{}}
,"C:\\Users\\Tarek Bentarzi\\Documents\\qlearn\\app-ui\\src\\infra\\primary\\screens\\MemorizingScreen\\MemorizingTabsScreen.tsx": {"path":"C:\\Users\\Tarek Bentarzi\\Documents\\qlearn\\app-ui\\src\\infra\\primary\\screens\\MemorizingScreen\\MemorizingTabsScreen.tsx","statementMap":{"0":{"start":{"line":1,"column":0},"end":{"line":1,"column":40}},"1":{"start":{"line":2,"column":0},"end":{"line":2,"column":72}},"2":{"start":{"line":3,"column":0},"end":{"line":3,"column":66}},"3":{"start":{"line":4,"column":0},"end":{"line":4,"column":47}},"4":{"start":{"line":5,"column":0},"end":{"line":5,"column":62}},"5":{"start":{"line":6,"column":0},"end":{"line":6,"column":78}},"6":{"start":{"line":14,"column":36},"end":{"line":72,"column":1}},"7":{"start":{"line":15,"column":18},"end":{"line":15,"column":34}},"8":{"start":{"line":16,"column":38},"end":{"line":16,"column":62}},"9":{"start":{"line":18,"column":4},"end":{"line":71,"column":6}},"10":{"start":{"line":25,"column":35},"end":{"line":25,"column":54}},"11":{"start":{"line":37,"column":35},"end":{"line":37,"column":58}},"12":{"start":{"line":50,"column":35},"end":{"line":50,"column":55}},"13":{"start":{"line":14,"column":13},"end":{"line":14,"column":36}},"14":{"start":{"line":74,"column":15},"end":{"line":131,"column":2}}},"fnMap":{"0":{"name":"(anonymous_0)","decl":{"start":{"line":14,"column":36},"end":{"line":14,"column":37}},"loc":{"start":{"line":14,"column":82},"end":{"line":72,"column":1}}},"1":{"name":"(anonymous_1)","decl":{"start":{"line":25,"column":29},"end":{"line":25,"column":32}},"loc":{"start":{"line":25,"column":35},"end":{"line":25,"column":54}}},"2":{"name":"(anonymous_2)","decl":{"start":{"line":37,"column":29},"end":{"line":37,"column":32}},"loc":{"start":{"line":37,"column":35},"end":{"line":37,"column":58}}},"3":{"name":"(anonymous_3)","decl":{"start":{"line":50,"column":29},"end":{"line":50,"column":32}},"loc":{"start":{"line":50,"column":35},"end":{"line":50,"column":55}}}},"branchMap":{"0":{"loc":{"start":{"line":36,"column":40},"end":{"line":36,"column":83}},"type":"binary-expr","locations":[{"start":{"line":36,"column":40},"end":{"line":36,"column":63}},{"start":{"line":36,"column":67},"end":{"line":36,"column":83}}]},"1":{"loc":{"start":{"line":40,"column":31},"end":{"line":40,"column":78}},"type":"cond-expr","locations":[{"start":{"line":40,"column":57},"end":{"line":40,"column":66}},{"start":{"line":40,"column":69},"end":{"line":40,"column":78}}]},"2":{"loc":{"start":{"line":43,"column":50},"end":{"line":43,"column":97}},"type":"binary-expr","locations":[{"start":{"line":43,"column":50},"end":{"line":43,"column":73}},{"start":{"line":43,"column":77},"end":{"line":43,"column":97}}]},"3":{"loc":{"start":{"line":49,"column":40},"end":{"line":49,"column":80}},"type":"binary-expr","locations":[{"start":{"line":49,"column":40},"end":{"line":49,"column":60}},{"start":{"line":49,"column":64},"end":{"line":49,"column":80}}]},"4":{"loc":{"start":{"line":53,"column":31},"end":{"line":53,"column":75}},"type":"cond-expr","locations":[{"start":{"line":53,"column":54},"end":{"line":53,"column":63}},{"start":{"line":53,"column":66},"end":{"line":53,"column":75}}]},"5":{"loc":{"start":{"line":56,"column":50},"end":{"line":56,"column":94}},"type":"binary-expr","locations":[{"start":{"line":56,"column":50},"end":{"line":56,"column":70}},{"start":{"line":56,"column":74},"end":{"line":56,"column":94}}]},"6":{"loc":{"start":{"line":64,"column":17},"end":{"line":67,"column":null}},"type":"cond-expr","locations":[{"start":{"line":65,"column":20},"end":{"line":65,"column":66}},{"start":{"line":67,"column":20},"end":{"line":67,"column":80}}]}},"s":{"0":1,"1":1,"2":1,"3":1,"4":1,"5":1,"6":1,"7":0,"8":0,"9":0,"10":0,"11":0,"12":0,"13":1,"14":1},"f":{"0":0,"1":0,"2":0,"3":0},"b":{"0":[0,0],"1":[0,0],"2":[0,0],"3":[0,0],"4":[0,0],"5":[0,0],"6":[0,0]}}
,"C:\\Users\\Tarek Bentarzi\\Documents\\qlearn\\app-ui\\src\\infra\\primary\\screens\\ProfileScreen\\ProfileScreen.tsx": {"path":"C:\\Users\\Tarek Bentarzi\\Documents\\qlearn\\app-ui\\src\\infra\\primary\\screens\\ProfileScreen\\ProfileScreen.tsx","statementMap":{"0":{"start":{"line":1,"column":0},"end":{"line":1,"column":91}},"1":{"start":{"line":2,"column":0},"end":{"line":2,"column":86}},"2":{"start":{"line":3,"column":0},"end":{"line":3,"column":47}},"3":{"start":{"line":4,"column":0},"end":{"line":4,"column":56}},"4":{"start":{"line":5,"column":0},"end":{"line":5,"column":72}},"5":{"start":{"line":6,"column":0},"end":{"line":6,"column":68}},"6":{"start":{"line":12,"column":29},"end":{"line":136,"column":1}},"7":{"start":{"line":13,"column":18},"end":{"line":13,"column":34}},"8":{"start":{"line":14,"column":30},"end":{"line":14,"column":39}},"9":{"start":{"line":15,"column":30},"end":{"line":15,"column":47}},"10":{"start":{"line":17,"column":26},"end":{"line":31,"column":5}},"11":{"start":{"line":19,"column":30},"end":{"line":21,"column":18}},"12":{"start":{"line":23,"column":8},"end":{"line":30,"column":9}},"13":{"start":{"line":24,"column":12},"end":{"line":29,"column":17}},"14":{"start":{"line":25,"column":16},"end":{"line":25,"column":62}},"15":{"start":{"line":26,"column":16},"end":{"line":26,"column":32}},"16":{"start":{"line":27,"column":16},"end":{"line":27,"column":93}},"17":{"start":{"line":28,"column":16},"end":{"line":28,"column":47}},"18":{"start":{"line":33,"column":24},"end":{"line":46,"column":5}},"19":{"start":{"line":34,"column":8},"end":{"line":45,"column":10}},"20":{"start":{"line":42,"column":35},"end":{"line":42,"column":50}},"21":{"start":{"line":48,"column":4},"end":{"line":135,"column":6}},"22":{"start":{"line":55,"column":35},"end":{"line":55,"column":54}},"23":{"start":{"line":120,"column":24},"end":{"line":123,"column":27}},"24":{"start":{"line":122,"column":71},"end":{"line":122,"column":95}},"25":{"start":{"line":122,"column":96},"end":{"line":122,"column":127}},"26":{"start":{"line":12,"column":13},"end":{"line":12,"column":29}},"27":{"start":{"line":138,"column":15},"end":{"line":248,"column":2}}},"fnMap":{"0":{"name":"(anonymous_0)","decl":{"start":{"line":12,"column":29},"end":{"line":12,"column":30}},"loc":{"start":{"line":12,"column":68},"end":{"line":136,"column":1}}},"1":{"name":"(anonymous_1)","decl":{"start":{"line":17,"column":26},"end":{"line":17,"column":29}},"loc":{"start":{"line":17,"column":31},"end":{"line":31,"column":5}}},"2":{"name":"(anonymous_2)","decl":{"start":{"line":24,"column":13},"end":{"line":24,"column":18}},"loc":{"start":{"line":24,"column":24},"end":{"line":29,"column":13}}},"3":{"name":"(anonymous_3)","decl":{"start":{"line":33,"column":24},"end":{"line":33,"column":27}},"loc":{"start":{"line":33,"column":29},"end":{"line":46,"column":5}}},"4":{"name":"(anonymous_4)","decl":{"start":{"line":42,"column":29},"end":{"line":42,"column":32}},"loc":{"start":{"line":42,"column":35},"end":{"line":42,"column":50}}},"5":{"name":"(anonymous_5)","decl":{"start":{"line":55,"column":29},"end":{"line":55,"column":32}},"loc":{"start":{"line":55,"column":35},"end":{"line":55,"column":54}}},"6":{"name":"(anonymous_6)","decl":{"start":{"line":119,"column":29},"end":{"line":119,"column":32}},"loc":{"start":{"line":119,"column":34},"end":{"line":124,"column":21}}},"7":{"name":"(anonymous_7)","decl":{"start":{"line":122,"column":63},"end":{"line":122,"column":66}},"loc":{"start":{"line":122,"column":68},"end":{"line":122,"column":129}}}},"branchMap":{"0":{"loc":{"start":{"line":19,"column":30},"end":{"line":21,"column":18}},"type":"cond-expr","locations":[{"start":{"line":20,"column":14},"end":{"line":20,"column":59}},{"start":{"line":21,"column":14},"end":{"line":21,"column":18}}]},"1":{"loc":{"start":{"line":19,"column":30},"end":{"line":19,"column":77}},"type":"binary-expr","locations":[{"start":{"line":19,"column":30},"end":{"line":19,"column":59}},{"start":{"line":19,"column":63},"end":{"line":19,"column":77}}]},"2":{"loc":{"start":{"line":23,"column":8},"end":{"line":30,"column":9}},"type":"if","locations":[{"start":{"line":23,"column":8},"end":{"line":30,"column":9}}]},"3":{"loc":{"start":{"line":69,"column":47},"end":{"line":69,"column":79}},"type":"binary-expr","locations":[{"start":{"line":69,"column":47},"end":{"line":69,"column":57}},{"start":{"line":69,"column":61},"end":{"line":69,"column":79}}]},"4":{"loc":{"start":{"line":70,"column":48},"end":{"line":70,"column":90}},"type":"binary-expr","locations":[{"start":{"line":70,"column":48},"end":{"line":70,"column":59}},{"start":{"line":70,"column":63},"end":{"line":70,"column":90}}]}},"s":{"0":2,"1":2,"2":2,"3":2,"4":2,"5":2,"6":2,"7":11,"8":11,"9":11,"10":11,"11":2,"12":2,"13":1,"14":1,"15":1,"16":1,"17":1,"18":11,"19":2,"20":1,"21":11,"22":1,"23":2,"24":1,"25":1,"26":2,"27":2},"f":{"0":11,"1":2,"2":1,"3":2,"4":1,"5":1,"6":2,"7":1},"b":{"0":[2,0],"1":[2,2],"2":[1],"3":[11,9],"4":[11,9]}}
,"C:\\Users\\Tarek Bentarzi\\Documents\\qlearn\\app-ui\\src\\infra\\primary\\screens\\PronunciationScreen\\PronunciationScreen.tsx": {"path":"C:\\Users\\Tarek Bentarzi\\Documents\\qlearn\\app-ui\\src\\infra\\primary\\screens\\PronunciationScreen\\PronunciationScreen.tsx","statementMap":{"0":{"start":{"line":1,"column":0},"end":{"line":1,"column":40}},"1":{"start":{"line":2,"column":0},"end":{"line":2,"column":84}},"2":{"start":{"line":3,"column":0},"end":{"line":3,"column":80}},"3":{"start":{"line":4,"column":0},"end":{"line":4,"column":72}},"4":{"start":{"line":10,"column":21},"end":{"line":15,"column":2}},"5":{"start":{"line":17,"column":35},"end":{"line":156,"column":1}},"6":{"start":{"line":18,"column":31},"end":{"line":18,"column":48}},"7":{"start":{"line":19,"column":42},"end":{"line":19,"column":57}},"8":{"start":{"line":20,"column":42},"end":{"line":20,"column":57}},"9":{"start":{"line":21,"column":42},"end":{"line":21,"column":57}},"10":{"start":{"line":22,"column":31},"end":{"line":22,"column":33}},"11":{"start":{"line":24,"column":25},"end":{"line":35,"column":5}},"12":{"start":{"line":25,"column":8},"end":{"line":25,"column":37}},"13":{"start":{"line":26,"column":8},"end":{"line":34,"column":9}},"14":{"start":{"line":27,"column":12},"end":{"line":33,"column":20}},"15":{"start":{"line":28,"column":16},"end":{"line":28,"column":37}},"16":{"start":{"line":29,"column":16},"end":{"line":29,"column":37}},"17":{"start":{"line":30,"column":16},"end":{"line":32,"column":19}},"18":{"start":{"line":37,"column":4},"end":{"line":155,"column":6}},"19":{"start":{"line":44,"column":35},"end":{"line":44,"column":54}},"20":{"start":{"line":124,"column":24},"end":{"line":124,"column":42}},"21":{"start":{"line":147,"column":43},"end":{"line":147,"column":62}},"22":{"start":{"line":17,"column":13},"end":{"line":17,"column":35}},"23":{"start":{"line":158,"column":15},"end":{"line":476,"column":2}}},"fnMap":{"0":{"name":"(anonymous_0)","decl":{"start":{"line":17,"column":35},"end":{"line":17,"column":36}},"loc":{"start":{"line":17,"column":80},"end":{"line":156,"column":1}}},"1":{"name":"(anonymous_1)","decl":{"start":{"line":24,"column":25},"end":{"line":24,"column":28}},"loc":{"start":{"line":24,"column":30},"end":{"line":35,"column":5}}},"2":{"name":"(anonymous_2)","decl":{"start":{"line":27,"column":23},"end":{"line":27,"column":26}},"loc":{"start":{"line":27,"column":28},"end":{"line":33,"column":13}}},"3":{"name":"(anonymous_3)","decl":{"start":{"line":44,"column":29},"end":{"line":44,"column":32}},"loc":{"start":{"line":44,"column":35},"end":{"line":44,"column":54}}},"4":{"name":"(anonymous_4)","decl":{"start":{"line":123,"column":38},"end":{"line":123,"column":39}},"loc":{"start":{"line":124,"column":24},"end":{"line":124,"column":42}}},"5":{"name":"(anonymous_5)","decl":{"start":{"line":147,"column":37},"end":{"line":147,"column":40}},"loc":{"start":{"line":147,"column":43},"end":{"line":147,"column":62}}}},"branchMap":{"0":{"loc":{"start":{"line":26,"column":8},"end":{"line":34,"column":9}},"type":"if","locations":[{"start":{"line":26,"column":8},"end":{"line":34,"column":9}}]},"1":{"loc":{"start":{"line":97,"column":53},"end":{"line":97,"column":93}},"type":"binary-expr","locations":[{"start":{"line":97,"column":53},"end":{"line":97,"column":64}},{"start":{"line":97,"column":68},"end":{"line":97,"column":93}}]},"2":{"loc":{"start":{"line":100,"column":25},"end":{"line":103,"column":null}},"type":"cond-expr","locations":[{"start":{"line":101,"column":28},"end":{"line":101,"column":60}},{"start":{"line":103,"column":28},"end":{"line":103,"column":61}}]},"3":{"loc":{"start":{"line":107,"column":25},"end":{"line":107,"column":127}},"type":"cond-expr","locations":[{"start":{"line":107,"column":39},"end":{"line":107,"column":62}},{"start":{"line":107,"column":65},"end":{"line":107,"column":127}}]},"4":{"loc":{"start":{"line":107,"column":65},"end":{"line":107,"column":127}},"type":"cond-expr","locations":[{"start":{"line":107,"column":79},"end":{"line":107,"column":100}},{"start":{"line":107,"column":103},"end":{"line":107,"column":127}}]},"5":{"loc":{"start":{"line":113,"column":13},"end":{"line":152,"column":null}},"type":"binary-expr","locations":[{"start":{"line":113,"column":13},"end":{"line":113,"column":24}},{"start":{"line":114,"column":16},"end":{"line":151,"column":null}}]},"6":{"loc":{"start":{"line":124,"column":67},"end":{"line":124,"column":121}},"type":"cond-expr","locations":[{"start":{"line":124,"column":82},"end":{"line":124,"column":100}},{"start":{"line":124,"column":103},"end":{"line":124,"column":121}}]},"7":{"loc":{"start":{"line":126,"column":63},"end":{"line":126,"column":125}},"type":"cond-expr","locations":[{"start":{"line":126,"column":78},"end":{"line":126,"column":100}},{"start":{"line":126,"column":103},"end":{"line":126,"column":125}}]},"8":{"loc":{"start":{"line":129,"column":63},"end":{"line":129,"column":125}},"type":"cond-expr","locations":[{"start":{"line":129,"column":78},"end":{"line":129,"column":100}},{"start":{"line":129,"column":103},"end":{"line":129,"column":125}}]},"9":{"loc":{"start":{"line":133,"column":59},"end":{"line":133,"column":121}},"type":"cond-expr","locations":[{"start":{"line":133,"column":74},"end":{"line":133,"column":96}},{"start":{"line":133,"column":99},"end":{"line":133,"column":121}}]},"10":{"loc":{"start":{"line":134,"column":67},"end":{"line":134,"column":91}},"type":"cond-expr","locations":[{"start":{"line":134,"column":82},"end":{"line":134,"column":85}},{"start":{"line":134,"column":88},"end":{"line":134,"column":91}}]}},"s":{"0":2,"1":2,"2":2,"3":2,"4":2,"5":2,"6":34,"7":34,"8":34,"9":34,"10":34,"11":34,"12":17,"13":17,"14":8,"15":8,"16":8,"17":8,"18":34,"19":1,"20":32,"21":1,"22":2,"23":2},"f":{"0":34,"1":17,"2":8,"3":1,"4":32,"5":1},"b":{"0":[8],"1":[34,9],"2":[9,25],"3":[9,25],"4":[8,17],"5":[34,8],"6":[24,8],"7":[24,8],"8":[24,8],"9":[24,8],"10":[24,8]}}
,"C:\\Users\\Tarek Bentarzi\\Documents\\qlearn\\app-ui\\src\\infra\\primary\\screens\\QuizScreen\\QuizListScreen.tsx": {"path":"C:\\Users\\Tarek Bentarzi\\Documents\\qlearn\\app-ui\\src\\infra\\primary\\screens\\QuizScreen\\QuizListScreen.tsx","statementMap":{"0":{"start":{"line":1,"column":0},"end":{"line":1,"column":51}},"1":{"start":{"line":2,"column":0},"end":{"line":2,"column":null}},"2":{"start":{"line":10,"column":0},"end":{"line":10,"column":80}},"3":{"start":{"line":11,"column":0},"end":{"line":11,"column":56}},"4":{"start":{"line":12,"column":0},"end":{"line":12,"column":47}},"5":{"start":{"line":13,"column":0},"end":{"line":13,"column":45}},"6":{"start":{"line":14,"column":0},"end":{"line":14,"column":72}},"7":{"start":{"line":21,"column":30},"end":{"line":250,"column":1}},"8":{"start":{"line":22,"column":16},"end":{"line":22,"column":32}},"9":{"start":{"line":23,"column":19},"end":{"line":23,"column":28}},"10":{"start":{"line":24,"column":49},"end":{"line":24,"column":62}},"11":{"start":{"line":25,"column":36},"end":{"line":25,"column":68}},"12":{"start":{"line":26,"column":32},"end":{"line":26,"column":46}},"13":{"start":{"line":27,"column":38},"end":{"line":27,"column":53}},"14":{"start":{"line":29,"column":24},"end":{"line":42,"column":3}},"15":{"start":{"line":30,"column":4},"end":{"line":30,"column":26}},"16":{"start":{"line":30,"column":19},"end":{"line":30,"column":26}},"17":{"start":{"line":32,"column":4},"end":{"line":41,"column":5}},"18":{"start":{"line":33,"column":6},"end":{"line":33,"column":23}},"19":{"start":{"line":34,"column":20},"end":{"line":34,"column":63}},"20":{"start":{"line":35,"column":6},"end":{"line":35,"column":26}},"21":{"start":{"line":37,"column":6},"end":{"line":37,"column":56}},"22":{"start":{"line":39,"column":6},"end":{"line":39,"column":24}},"23":{"start":{"line":40,"column":6},"end":{"line":40,"column":27}},"24":{"start":{"line":44,"column":2},"end":{"line":46,"column":17}},"25":{"start":{"line":45,"column":4},"end":{"line":45,"column":20}},"26":{"start":{"line":48,"column":24},"end":{"line":51,"column":3}},"27":{"start":{"line":49,"column":4},"end":{"line":49,"column":24}},"28":{"start":{"line":50,"column":4},"end":{"line":50,"column":20}},"29":{"start":{"line":53,"column":26},"end":{"line":58,"column":3}},"30":{"start":{"line":54,"column":4},"end":{"line":57,"column":7}},"31":{"start":{"line":60,"column":2},"end":{"line":67,"column":3}},"32":{"start":{"line":61,"column":4},"end":{"line":66,"column":6}},"33":{"start":{"line":69,"column":2},"end":{"line":83,"column":3}},"34":{"start":{"line":70,"column":4},"end":{"line":82,"column":6}},"35":{"start":{"line":77,"column":25},"end":{"line":77,"column":54}},"36":{"start":{"line":85,"column":2},"end":{"line":108,"column":3}},"37":{"start":{"line":86,"column":4},"end":{"line":107,"column":6}},"38":{"start":{"line":92,"column":29},"end":{"line":92,"column":48}},"39":{"start":{"line":110,"column":2},"end":{"line":249,"column":4}},"40":{"start":{"line":118,"column":27},"end":{"line":118,"column":46}},"41":{"start":{"line":144,"column":26},"end":{"line":144,"column":79}},"42":{"start":{"line":144,"column":47},"end":{"line":144,"column":78}},"43":{"start":{"line":145,"column":10},"end":{"line":145,"column":36}},"44":{"start":{"line":145,"column":24},"end":{"line":145,"column":36}},"45":{"start":{"line":148,"column":12},"end":{"line":150,"column":17}},"46":{"start":{"line":152,"column":36},"end":{"line":152,"column":68}},"47":{"start":{"line":154,"column":12},"end":{"line":154,"column":56}},"48":{"start":{"line":156,"column":10},"end":{"line":245,"column":12}},"49":{"start":{"line":202,"column":35},"end":{"line":202,"column":73}},"50":{"start":{"line":218,"column":35},"end":{"line":218,"column":72}},"51":{"start":{"line":21,"column":13},"end":{"line":21,"column":30}},"52":{"start":{"line":252,"column":15},"end":{"line":463,"column":2}}},"fnMap":{"0":{"name":"(anonymous_0)","decl":{"start":{"line":21,"column":30},"end":{"line":21,"column":31}},"loc":{"start":{"line":21,"column":90},"end":{"line":250,"column":1}}},"1":{"name":"(anonymous_1)","decl":{"start":{"line":29,"column":24},"end":{"line":29,"column":29}},"loc":{"start":{"line":29,"column":35},"end":{"line":42,"column":3}}},"2":{"name":"(anonymous_2)","decl":{"start":{"line":44,"column":12},"end":{"line":44,"column":15}},"loc":{"start":{"line":44,"column":17},"end":{"line":46,"column":3}}},"3":{"name":"(anonymous_3)","decl":{"start":{"line":48,"column":24},"end":{"line":48,"column":27}},"loc":{"start":{"line":48,"column":29},"end":{"line":51,"column":3}}},"4":{"name":"(anonymous_4)","decl":{"start":{"line":53,"column":26},"end":{"line":53,"column":27}},"loc":{"start":{"line":53,"column":68},"end":{"line":58,"column":3}}},"5":{"name":"(anonymous_5)","decl":{"start":{"line":77,"column":19},"end":{"line":77,"column":22}},"loc":{"start":{"line":77,"column":25},"end":{"line":77,"column":54}}},"6":{"name":"(anonymous_6)","decl":{"start":{"line":92,"column":23},"end":{"line":92,"column":26}},"loc":{"start":{"line":92,"column":29},"end":{"line":92,"column":48}}},"7":{"name":"(anonymous_7)","decl":{"start":{"line":118,"column":21},"end":{"line":118,"column":24}},"loc":{"start":{"line":118,"column":27},"end":{"line":118,"column":46}}},"8":{"name":"(anonymous_8)","decl":{"start":{"line":143,"column":23},"end":{"line":143,"column":24}},"loc":{"start":{"line":143,"column":32},"end":{"line":246,"column":9}}},"9":{"name":"(anonymous_9)","decl":{"start":{"line":144,"column":40},"end":{"line":144,"column":41}},"loc":{"start":{"line":144,"column":47},"end":{"line":144,"column":78}}},"10":{"name":"(anonymous_10)","decl":{"start":{"line":202,"column":29},"end":{"line":202,"column":32}},"loc":{"start":{"line":202,"column":35},"end":{"line":202,"column":73}}},"11":{"name":"(anonymous_11)","decl":{"start":{"line":218,"column":29},"end":{"line":218,"column":32}},"loc":{"start":{"line":218,"column":35},"end":{"line":218,"column":72}}}},"branchMap":{"0":{"loc":{"start":{"line":21,"column":45},"end":{"line":21,"column":63}},"type":"default-arg","locations":[{"start":{"line":21,"column":58},"end":{"line":21,"column":63}}]},"1":{"loc":{"start":{"line":30,"column":4},"end":{"line":30,"column":26}},"type":"if","locations":[{"start":{"line":30,"column":4},"end":{"line":30,"column":26}}]},"2":{"loc":{"start":{"line":60,"column":2},"end":{"line":67,"column":3}},"type":"if","locations":[{"start":{"line":60,"column":2},"end":{"line":67,"column":3}}]},"3":{"loc":{"start":{"line":60,"column":6},"end":{"line":60,"column":32}},"type":"binary-expr","locations":[{"start":{"line":60,"column":6},"end":{"line":60,"column":13}},{"start":{"line":60,"column":17},"end":{"line":60,"column":32}}]},"4":{"loc":{"start":{"line":69,"column":2},"end":{"line":83,"column":3}},"type":"if","locations":[{"start":{"line":69,"column":2},"end":{"line":83,"column":3}}]},"5":{"loc":{"start":{"line":85,"column":2},"end":{"line":108,"column":3}},"type":"if","locations":[{"start":{"line":85,"column":2},"end":{"line":108,"column":3}}]},"6":{"loc":{"start":{"line":88,"column":9},"end":{"line":97,"column":null}},"type":"binary-expr","locations":[{"start":{"line":88,"column":9},"end":{"line":88,"column":20}},{"start":{"line":89,"column":10},"end":{"line":96,"column":null}}]},"7":{"loc":{"start":{"line":113,"column":7},"end":{"line":139,"column":null}},"type":"binary-expr","locations":[{"start":{"line":113,"column":7},"end":{"line":113,"column":18}},{"start":{"line":114,"column":8},"end":{"line":138,"column":null}}]},"8":{"loc":{"start":{"line":136,"column":21},"end":{"line":136,"column":61}},"type":"cond-expr","locations":[{"start":{"line":136,"column":34},"end":{"line":136,"column":49}},{"start":{"line":136,"column":52},"end":{"line":136,"column":61}}]},"9":{"loc":{"start":{"line":145,"column":10},"end":{"line":145,"column":36}},"type":"if","locations":[{"start":{"line":145,"column":10},"end":{"line":145,"column":36}}]},"10":{"loc":{"start":{"line":148,"column":12},"end":{"line":150,"column":17}},"type":"cond-expr","locations":[{"start":{"line":149,"column":16},"end":{"line":149,"column":65}},{"start":{"line":150,"column":16},"end":{"line":150,"column":17}}]},"11":{"loc":{"start":{"line":199,"column":17},"end":{"line":208,"column":null}},"type":"binary-expr","locations":[{"start":{"line":199,"column":17},"end":{"line":199,"column":34}},{"start":{"line":200,"column":18},"end":{"line":207,"column":null}}]},"12":{"loc":{"start":{"line":210,"column":17},"end":{"line":233,"column":null}},"type":"binary-expr","locations":[{"start":{"line":210,"column":17},"end":{"line":210,"column":32}},{"start":{"line":211,"column":18},"end":{"line":232,"column":null}}]},"13":{"loc":{"start":{"line":214,"column":22},"end":{"line":216,"column":46}},"type":"cond-expr","locations":[{"start":{"line":215,"column":26},"end":{"line":215,"column":48}},{"start":{"line":216,"column":26},"end":{"line":216,"column":46}}]},"14":{"loc":{"start":{"line":221,"column":29},"end":{"line":221,"column":70}},"type":"cond-expr","locations":[{"start":{"line":221,"column":49},"end":{"line":221,"column":58}},{"start":{"line":221,"column":61},"end":{"line":221,"column":70}}]},"15":{"loc":{"start":{"line":226,"column":24},"end":{"line":228,"column":52}},"type":"cond-expr","locations":[{"start":{"line":227,"column":28},"end":{"line":227,"column":54}},{"start":{"line":228,"column":28},"end":{"line":228,"column":52}}]},"16":{"loc":{"start":{"line":235,"column":17},"end":{"line":241,"column":null}},"type":"binary-expr","locations":[{"start":{"line":235,"column":17},"end":{"line":235,"column":35}},{"start":{"line":235,"column":39},"end":{"line":235,"column":55}},{"start":{"line":236,"column":18},"end":{"line":240,"column":null}}]}},"s":{"0":2,"1":2,"2":2,"3":2,"4":2,"5":2,"6":2,"7":2,"8":0,"9":0,"10":0,"11":0,"12":0,"13":0,"14":0,"15":0,"16":0,"17":0,"18":0,"19":0,"20":0,"21":0,"22":0,"23":0,"24":0,"25":0,"26":0,"27":0,"28":0,"29":0,"30":0,"31":0,"32":0,"33":0,"34":0,"35":0,"36":0,"37":0,"38":0,"39":0,"40":0,"41":0,"42":0,"43":0,"44":0,"45":0,"46":0,"47":0,"48":0,"49":0,"50":0,"51":2,"52":2},"f":{"0":0,"1":0,"2":0,"3":0,"4":0,"5":0,"6":0,"7":0,"8":0,"9":0,"10":0,"11":0},"b":{"0":[0],"1":[0],"2":[0],"3":[0,0],"4":[0],"5":[0],"6":[0,0],"7":[0,0],"8":[0,0],"9":[0],"10":[0,0],"11":[0,0],"12":[0,0],"13":[0,0],"14":[0,0],"15":[0,0],"16":[0,0,0]}}
,"C:\\Users\\Tarek Bentarzi\\Documents\\qlearn\\app-ui\\src\\infra\\primary\\screens\\QuizScreen\\QuizScreen.tsx": {"path":"C:\\Users\\Tarek Bentarzi\\Documents\\qlearn\\app-ui\\src\\infra\\primary\\screens\\QuizScreen\\QuizScreen.tsx","statementMap":{"0":{"start":{"line":1,"column":0},"end":{"line":1,"column":51}},"1":{"start":{"line":2,"column":0},"end":{"line":2,"column":null}},"2":{"start":{"line":10,"column":0},"end":{"line":10,"column":77}},"3":{"start":{"line":11,"column":0},"end":{"line":11,"column":56}},"4":{"start":{"line":12,"column":0},"end":{"line":12,"column":47}},"5":{"start":{"line":13,"column":0},"end":{"line":13,"column":45}},"6":{"start":{"line":14,"column":0},"end":{"line":14,"column":68}},"7":{"start":{"line":15,"column":0},"end":{"line":15,"column":64}},"8":{"start":{"line":27,"column":26},"end":{"line":336,"column":1}},"9":{"start":{"line":28,"column":47},"end":{"line":28,"column":66}},"10":{"start":{"line":29,"column":16},"end":{"line":29,"column":32}},"11":{"start":{"line":30,"column":19},"end":{"line":30,"column":28}},"12":{"start":{"line":31,"column":23},"end":{"line":31,"column":36}},"13":{"start":{"line":32,"column":36},"end":{"line":32,"column":64}},"14":{"start":{"line":33,"column":58},"end":{"line":33,"column":69}},"15":{"start":{"line":34,"column":46},"end":{"line":34,"column":75}},"16":{"start":{"line":35,"column":36},"end":{"line":35,"column":66}},"17":{"start":{"line":36,"column":28},"end":{"line":36,"column":39}},"18":{"start":{"line":37,"column":32},"end":{"line":37,"column":46}},"19":{"start":{"line":38,"column":38},"end":{"line":38,"column":53}},"20":{"start":{"line":39,"column":44},"end":{"line":39,"column":59}},"21":{"start":{"line":41,"column":18},"end":{"line":41,"column":66}},"22":{"start":{"line":41,"column":39},"end":{"line":41,"column":65}},"23":{"start":{"line":43,"column":19},"end":{"line":57,"column":3}},"24":{"start":{"line":44,"column":4},"end":{"line":44,"column":26}},"25":{"start":{"line":44,"column":19},"end":{"line":44,"column":26}},"26":{"start":{"line":46,"column":4},"end":{"line":56,"column":5}},"27":{"start":{"line":47,"column":6},"end":{"line":47,"column":23}},"28":{"start":{"line":48,"column":28},"end":{"line":50,"column":64}},"29":{"start":{"line":51,"column":6},"end":{"line":51,"column":34}},"30":{"start":{"line":53,"column":6},"end":{"line":53,"column":50}},"31":{"start":{"line":55,"column":6},"end":{"line":55,"column":24}},"32":{"start":{"line":59,"column":2},"end":{"line":61,"column":39}},"33":{"start":{"line":60,"column":4},"end":{"line":60,"column":15}},"34":{"start":{"line":63,"column":23},"end":{"line":84,"column":3}},"35":{"start":{"line":64,"column":4},"end":{"line":64,"column":58}},"36":{"start":{"line":64,"column":51},"end":{"line":64,"column":58}},"37":{"start":{"line":66,"column":28},"end":{"line":66,"column":59}},"38":{"start":{"line":67,"column":4},"end":{"line":67,"column":30}},"39":{"start":{"line":68,"column":20},"end":{"line":68,"column":60}},"40":{"start":{"line":69,"column":4},"end":{"line":69,"column":26}},"41":{"start":{"line":71,"column":4},"end":{"line":73,"column":5}},"42":{"start":{"line":72,"column":6},"end":{"line":72,"column":26}},"43":{"start":{"line":76,"column":4},"end":{"line":83,"column":5}},"44":{"start":{"line":77,"column":6},"end":{"line":77,"column":26}},"45":{"start":{"line":78,"column":6},"end":{"line":78,"column":74}},"46":{"start":{"line":80,"column":6},"end":{"line":80,"column":55}},"47":{"start":{"line":82,"column":6},"end":{"line":82,"column":27}},"48":{"start":{"line":86,"column":21},"end":{"line":94,"column":3}},"49":{"start":{"line":87,"column":4},"end":{"line":93,"column":5}},"50":{"start":{"line":88,"column":6},"end":{"line":88,"column":56}},"51":{"start":{"line":89,"column":6},"end":{"line":89,"column":30}},"52":{"start":{"line":90,"column":6},"end":{"line":90,"column":25}},"53":{"start":{"line":92,"column":6},"end":{"line":92,"column":29}},"54":{"start":{"line":96,"column":22},"end":{"line":103,"column":3}},"55":{"start":{"line":97,"column":4},"end":{"line":97,"column":28}},"56":{"start":{"line":98,"column":4},"end":{"line":98,"column":31}},"57":{"start":{"line":99,"column":4},"end":{"line":99,"column":28}},"58":{"start":{"line":100,"column":4},"end":{"line":100,"column":23}},"59":{"start":{"line":101,"column":4},"end":{"line":101,"column":16}},"60":{"start":{"line":102,"column":4},"end":{"line":102,"column":15}},"61":{"start":{"line":105,"column":32},"end":{"line":108,"column":3}},"62":{"start":{"line":106,"column":4},"end":{"line":106,"column":28}},"63":{"start":{"line":107,"column":4},"end":{"line":107,"column":36}},"64":{"start":{"line":110,"column":28},"end":{"line":113,"column":3}},"65":{"start":{"line":111,"column":4},"end":{"line":111,"column":28}},"66":{"start":{"line":112,"column":4},"end":{"line":112,"column":54}},"67":{"start":{"line":115,"column":28},"end":{"line":122,"column":3}},"68":{"start":{"line":116,"column":4},"end":{"line":116,"column":28}},"69":{"start":{"line":117,"column":4},"end":{"line":121,"column":5}},"70":{"start":{"line":118,"column":6},"end":{"line":118,"column":75}},"71":{"start":{"line":120,"column":6},"end":{"line":120,"column":38}},"72":{"start":{"line":124,"column":2},"end":{"line":131,"column":3}},"73":{"start":{"line":125,"column":4},"end":{"line":130,"column":6}},"74":{"start":{"line":133,"column":2},"end":{"line":158,"column":3}},"75":{"start":{"line":134,"column":4},"end":{"line":157,"column":6}},"76":{"start":{"line":139,"column":27},"end":{"line":139,"column":46}},"77":{"start":{"line":151,"column":27},"end":{"line":151,"column":46}},"78":{"start":{"line":160,"column":2},"end":{"line":188,"column":3}},"79":{"start":{"line":161,"column":4},"end":{"line":187,"column":6}},"80":{"start":{"line":167,"column":29},"end":{"line":167,"column":48}},"81":{"start":{"line":184,"column":25},"end":{"line":184,"column":44}},"82":{"start":{"line":190,"column":26},"end":{"line":190,"column":57}},"83":{"start":{"line":191,"column":26},"end":{"line":191,"column":79}},"84":{"start":{"line":193,"column":2},"end":{"line":335,"column":4}},"85":{"start":{"line":200,"column":25},"end":{"line":200,"column":44}},"86":{"start":{"line":243,"column":31},"end":{"line":243,"column":56}},"87":{"start":{"line":244,"column":36},"end":{"line":244,"column":76}},"88":{"start":{"line":245,"column":32},"end":{"line":245,"column":65}},"89":{"start":{"line":246,"column":34},"end":{"line":246,"column":58}},"90":{"start":{"line":248,"column":12},"end":{"line":281,"column":14}},"91":{"start":{"line":261,"column":31},"end":{"line":261,"column":70}},"92":{"start":{"line":27,"column":13},"end":{"line":27,"column":26}},"93":{"start":{"line":338,"column":15},"end":{"line":650,"column":2}}},"fnMap":{"0":{"name":"(anonymous_0)","decl":{"start":{"line":27,"column":26},"end":{"line":27,"column":27}},"loc":{"start":{"line":27,"column":69},"end":{"line":336,"column":1}}},"1":{"name":"(anonymous_1)","decl":{"start":{"line":41,"column":32},"end":{"line":41,"column":33}},"loc":{"start":{"line":41,"column":39},"end":{"line":41,"column":65}}},"2":{"name":"(anonymous_2)","decl":{"start":{"line":43,"column":19},"end":{"line":43,"column":24}},"loc":{"start":{"line":43,"column":30},"end":{"line":57,"column":3}}},"3":{"name":"(anonymous_3)","decl":{"start":{"line":59,"column":12},"end":{"line":59,"column":15}},"loc":{"start":{"line":59,"column":17},"end":{"line":61,"column":3}}},"4":{"name":"(anonymous_4)","decl":{"start":{"line":63,"column":23},"end":{"line":63,"column":28}},"loc":{"start":{"line":63,"column":48},"end":{"line":84,"column":3}}},"5":{"name":"(anonymous_5)","decl":{"start":{"line":86,"column":21},"end":{"line":86,"column":24}},"loc":{"start":{"line":86,"column":26},"end":{"line":94,"column":3}}},"6":{"name":"(anonymous_6)","decl":{"start":{"line":96,"column":22},"end":{"line":96,"column":25}},"loc":{"start":{"line":96,"column":27},"end":{"line":103,"column":3}}},"7":{"name":"(anonymous_7)","decl":{"start":{"line":105,"column":32},"end":{"line":105,"column":35}},"loc":{"start":{"line":105,"column":37},"end":{"line":108,"column":3}}},"8":{"name":"(anonymous_8)","decl":{"start":{"line":110,"column":28},"end":{"line":110,"column":31}
[...]
,"C:\\Users\\Tarek Bentarzi\\Documents\\qlearn\\app-ui\\src\\shared\\hooks\\useSourates.ts": {"path":"C:\\Users\\Tarek Bentarzi\\Documents\\qlearn\\app-ui\\src\\shared\\hooks\\useSourates.ts","statementMap":{"0":{"start":{"line":4,"column":0},"end":{"line":4,"column":16}},"1":{"start":{"line":34,"column":0},"end":{"line":34,"column":16}},"2":{"start":{"line":1,"column":0},"end":{"line":1,"column":57}},"3":{"start":{"line":2,"column":0},"end":{"line":2,"column":68}},"4":{"start":{"line":5,"column":34},"end":{"line":5,"column":57}},"5":{"start":{"line":6,"column":32},"end":{"line":6,"column":46}},"6":{"start":{"line":7,"column":28},"end":{"line":7,"column":56}},"7":{"start":{"line":9,"column":24},"end":{"line":20,"column":8}},"8":{"start":{"line":10,"column":4},"end":{"line":19,"column":5}},"9":{"start":{"line":11,"column":6},"end":{"line":11,"column":23}},"10":{"start":{"line":12,"column":6},"end":{"line":12,"column":21}},"11":{"start":{"line":13,"column":19},"end":{"line":13,"column":54}},"12":{"start":{"line":14,"column":6},"end":{"line":14,"column":24}},"13":{"start":{"line":16,"column":6},"end":{"line":16,"column":29}},"14":{"start":{"line":18,"column":6},"end":{"line":18,"column":24}},"15":{"start":{"line":22,"column":2},"end":{"line":24,"column":22}},"16":{"start":{"line":23,"column":4},"end":{"line":23,"column":20}},"17":{"start":{"line":26,"column":2},"end":{"line":31,"column":4}},"18":{"start":{"line":35,"column":32},"end":{"line":35,"column":62}},"19":{"start":{"line":36,"column":32},"end":{"line":36,"column":46}},"20":{"start":{"line":37,"column":28},"end":{"line":37,"column":56}},"21":{"start":{"line":39,"column":23},"end":{"line":50,"column":14}},"22":{"start":{"line":40,"column":4},"end":{"line":49,"column":5}},"23":{"start":{"line":41,"column":6},"end":{"line":41,"column":23}},"24":{"start":{"line":42,"column":6},"end":{"line":42,"column":21}},"25":{"start":{"line":43,"column":19},"end":{"line":43,"column":64}},"26":{"start":{"line":44,"column":6},"end":{"line":44,"column":23}},"27":{"start":{"line":46,"column":6},"end":{"line":46,"column":29}},"28":{"start":{"line":48,"column":6},"end":{"line":48,"column":24}},"29":{"start":{"line":52,"column":2},"end":{"line":56,"column":29}},"30":{"start":{"line":53,"column":4},"end":{"line":55,"column":5}},"31":{"start":{"line":54,"column":6},"end":{"line":54,"column":21}},"32":{"start":{"line":58,"column":2},"end":{"line":63,"column":4}}},"fnMap":{"0":{"name":"useSourates","decl":{"start":{"line":4,"column":16},"end":{"line":4,"column":27}},"loc":{"start":{"line":4,"column":27},"end":{"line":32,"column":1}}},"1":{"name":"(anonymous_1)","decl":{"start":{"line":9,"column":36},"end":{"line":9,"column":41}},"loc":{"start":{"line":9,"column":47},"end":{"line":20,"column":3}}},"2":{"name":"(anonymous_2)","decl":{"start":{"line":22,"column":12},"end":{"line":22,"column":15}},"loc":{"start":{"line":22,"column":17},"end":{"line":24,"column":3}}},"3":{"name":"useSourate","decl":{"start":{"line":34,"column":16},"end":{"line":34,"column":26}},"loc":{"start":{"line":34,"column":41},"end":{"line":64,"column":1}}},"4":{"name":"(anonymous_4)","decl":{"start":{"line":39,"column":35},"end":{"line":39,"column":40}},"loc":{"start":{"line":39,"column":46},"end":{"line":50,"column":3}}},"5":{"name":"(anonymous_5)","decl":{"start":{"line":52,"column":12},"end":{"line":52,"column":15}},"loc":{"start":{"line":52,"column":17},"end":{"line":56,"column":3}}}},"branchMap":{"0":{"loc":{"start":{"line":53,"column":4},"end":{"line":55,"column":5}},"type":"if","locations":[{"start":{"line":53,"column":4},"end":{"line":55,"column":5}}]}},"s":{"0":2,"1":2,"2":2,"3":2,"4":15,"5":15,"6":15,"7":15,"8":8,"9":8,"10":8,"11":8,"12":3,"13":5,"14":8,"15":15,"16":7,"17":15,"18":7,"19":7,"20":7,"21":7,"22":4,"23":4,"24":4,"25":4,"26":3,"27":1,"28":4,"29":7,"30":3,"31":3,"32":7},"f":{"0":15,"1":8,"2":7,"3":7,"4":4,"5":3},"b":{"0":[3]}}
,"C:\\Users\\Tarek Bentarzi\\Documents\\qlearn\\app-ui\\src\\shared\\hooks\\useUsers.ts": {"path":"C:\\Users\\Tarek Bentarzi\\Documents\\qlearn\\app-ui\\src\\shared\\hooks\\useUsers.ts","statementMap":{"0":{"start":{"line":6,"column":0},"end":{"line":6,"column":44}},"1":{"start":{"line":9,"column":24},"end":{"line":32,"column":1}},"2":{"start":{"line":10,"column":28},"end":{"line":10,"column":51}},"3":{"start":{"line":11,"column":32},"end":{"line":11,"column":47}},"4":{"start":{"line":12,"column":28},"end":{"line":12,"column":57}},"5":{"start":{"line":14,"column":2},"end":{"line":16,"column":9}},"6":{"start":{"line":15,"column":4},"end":{"line":15,"column":16}},"7":{"start":{"line":18,"column":20},"end":{"line":29,"column":3}},"8":{"start":{"line":19,"column":4},"end":{"line":28,"column":5}},"9":{"start":{"line":20,"column":6},"end":{"line":20,"column":23}},"10":{"start":{"line":21,"column":6},"end":{"line":21,"column":21}},"11":{"start":{"line":22,"column":19},"end":{"line":22,"column":50}},"12":{"start":{"line":23,"column":6},"end":{"line":23,"column":21}},"13":{"start":{"line":25,"column":6},"end":{"line":25,"column":69}},"14":{"start":{"line":27,"column":6},"end":{"line":27,"column":24}},"15":{"start":{"line":31,"column":2},"end":{"line":31,"column":55}},"16":{"start":{"line":9,"column":13},"end":{"line":9,"column":24}}},"fnMap":{"0":{"name":"(anonymous_0)","decl":{"start":{"line":9,"column":24},"end":{"line":9,"column":25}},"loc":{"start":{"line":9,"column":45},"end":{"line":32,"column":1}}},"1":{"name":"(anonymous_1)","decl":{"start":{"line":14,"column":12},"end":{"line":14,"column":15}},"loc":{"start":{"line":14,"column":17},"end":{"line":16,"column":3}}},"2":{"name":"(anonymous_2)","decl":{"start":{"line":18,"column":20},"end":{"line":18,"column":25}},"loc":{"start":{"line":18,"column":31},"end":{"line":29,"column":3}}}},"branchMap":{"0":{"loc":{"start":{"line":25,"column":15},"end":{"line":25,"column":67}},"type":"cond-expr","locations":[{"start":{"line":25,"column":38},"end":{"line":25,"column":49}},{"start":{"line":25,"column":52},"end":{"line":25,"column":67}}]}},"s":{"0":1,"1":1,"2":25,"3":25,"4":25,"5":25,"6":8,"7":25,"8":10,"9":10,"10":10,"11":10,"12":7,"13":3,"14":10,"15":25,"16":1},"f":{"0":25,"1":8,"2":10},"b":{"0":[2,1]}}
,"C:\\Users\\Tarek Bentarzi\\Documents\\qlearn\\app-ui\\src\\shared\\hooks\\useVersets.ts": {"path":"C:\\Users\\Tarek Bentarzi\\Documents\\qlearn\\app-ui\\src\\shared\\hooks\\useVersets.ts","statementMap":{"0":{"start":{"line":4,"column":0},"end":{"line":4,"column":16}},"1":{"start":{"line":41,"column":0},"end":{"line":41,"column":16}},"2":{"start":{"line":167,"column":0},"end":{"line":167,"column":16}},"3":{"start":{"line":1,"column":0},"end":{"line":1,"column":57}},"4":{"start":{"line":2,"column":0},"end":{"line":2,"column":76}},"5":{"start":{"line":5,"column":32},"end":{"line":5,"column":54}},"6":{"start":{"line":6,"column":32},"end":{"line":6,"column":46}},"7":{"start":{"line":7,"column":28},"end":{"line":7,"column":56}},"8":{"start":{"line":9,"column":23},"end":{"line":20,"column":21}},"9":{"start":{"line":10,"column":4},"end":{"line":19,"column":5}},"10":{"start":{"line":11,"column":6},"end":{"line":11,"column":23}},"11":{"start":{"line":12,"column":6},"end":{"line":12,"column":21}},"12":{"start":{"line":13,"column":19},"end":{"line":13,"column":72}},"13":{"start":{"line":14,"column":6},"end":{"line":14,"column":23}},"14":{"start":{"line":16,"column":6},"end":{"line":16,"column":29}},"15":{"start":{"line":18,"column":6},"end":{"line":18,"column":24}},"16":{"start":{"line":22,"column":2},"end":{"line":30,"column":36}},"17":{"start":{"line":24,"column":4},"end":{"line":29,"column":5}},"18":{"start":{"line":25,"column":6},"end":{"line":25,"column":21}},"19":{"start":{"line":27,"column":6},"end":{"line":27,"column":21}},"20":{"start":{"line":28,"column":6},"end":{"line":28,"column":24}},"21":{"start":{"line":32,"column":2},"end":{"line":37,"column":4}},"22":{"start":{"line":42,"column":32},"end":{"line":42,"column":54}},"23":{"start":{"line":43,"column":32},"end":{"line":43,"column":46}},"24":{"start":{"line":44,"column":40},"end":{"line":44,"column":55}},"25":{"start":{"line":45,"column":28},"end":{"line":45,"column":56}},"26":{"start":{"line":46,"column":46},"end":{"line":46,"column":57}},"27":{"start":{"line":47,"column":32},"end":{"line":47,"column":46}},"28":{"start":{"line":48,"column":34},"end":{"line":48,"column":57}},"29":{"start":{"line":51,"column":2},"end":{"line":61,"column":9}},"30":{"start":{"line":52,"column":25},"end":{"line":59,"column":5}},"31":{"start":{"line":53,"column":6},"end":{"line":58,"column":7}},"32":{"start":{"line":54,"column":21},"end":{"line":54,"column":56}},"33":{"start":{"line":55,"column":8},"end":{"line":55,"column":26}},"34":{"start":{"line":57,"column":8},"end":{"line":57,"column":54}},"35":{"start":{"line":60,"column":4},"end":{"line":60,"column":19}},"36":{"start":{"line":64,"column":2},"end":{"line":85,"column":9}},"37":{"start":{"line":65,"column":31},"end":{"line":83,"column":5}},"38":{"start":{"line":66,"column":6},"end":{"line":82,"column":7}},"39":{"start":{"line":67,"column":8},"end":{"line":67,"column":25}},"40":{"start":{"line":68,"column":8},"end":{"line":68,"column":23}},"41":{"start":{"line":70,"column":41},"end":{"line":70,"column":43}},"42":{"start":{"line":71,"column":8},"end":{"line":74,"column":9}},"43":{"start":{"line":71,"column":21},"end":{"line":71,"column":22}},"44":{"start":{"line":72,"column":23},"end":{"line":72,"column":64}},"45":{"start":{"line":73,"column":10},"end":{"line":73,"column":39}},"46":{"start":{"line":75,"column":8},"end":{"line":75,"column":35}},"47":{"start":{"line":76,"column":8},"end":{"line":76,"column":29}},"48":{"start":{"line":77,"column":8},"end":{"line":77,"column":29}},"49":{"start":{"line":79,"column":8},"end":{"line":79,"column":31}},"50":{"start":{"line":81,"column":8},"end":{"line":81,"column":26}},"51":{"start":{"line":84,"column":4},"end":{"line":84,"column":25}},"52":{"start":{"line":88,"column":19},"end":{"line":110,"column":44}},"53":{"start":{"line":89,"column":4},"end":{"line":89,"column":40}},"54":{"start":{"line":89,"column":33},"end":{"line":89,"column":40}},"55":{"start":{"line":91,"column":4},"end":{"line":109,"column":5}},"56":{"start":{"line":92,"column":6},"end":{"line":92,"column":27}},"57":{"start":{"line":94,"column":35},"end":{"line":94,"column":37}},"58":{"start":{"line":95,"column":25},"end":{"line":95,"column":58}},"59":{"start":{"line":97,"column":6},"end":{"line":100,"column":7}},"60":{"start":{"line":97,"column":19},"end":{"line":97,"column":33}},"61":{"start":{"line":98,"column":21},"end":{"line":98,"column":62}},"62":{"start":{"line":99,"column":8},"end":{"line":99,"column":33}},"63":{"start":{"line":102,"column":6},"end":{"line":102,"column":51}},"64":{"start":{"line":102,"column":25},"end":{"line":102,"column":49}},"65":{"start":{"line":103,"column":6},"end":{"line":103,"column":40}},"66":{"start":{"line":104,"column":6},"end":{"line":104,"column":35}},"67":{"start":{"line":106,"column":6},"end":{"line":106,"column":55}},"68":{"start":{"line":108,"column":6},"end":{"line":108,"column":28}},"69":{"start":{"line":113,"column":27},"end":{"line":153,"column":44}},"70":{"start":{"line":114,"column":4},"end":{"line":152,"column":5}},"71":{"start":{"line":115,"column":6},"end":{"line":115,"column":27}},"72":{"start":{"line":117,"column":20},"end":{"line":117,"column":50}},"73":{"start":{"line":118,"column":18},"end":{"line":118,"column":50}},"74":{"start":{"line":120,"column":6},"end":{"line":120,"column":85}},"75":{"start":{"line":122,"column":35},"end":{"line":122,"column":37}},"76":{"start":{"line":123,"column":6},"end":{"line":130,"column":7}},"77":{"start":{"line":123,"column":19},"end":{"line":123,"column":24}},"78":{"start":{"line":125,"column":30},"end":{"line":125,"column":70}},"79":{"start":{"line":125,"column":48},"end":{"line":125,"column":69}},"80":{"start":{"line":126,"column":8},"end":{"line":129,"column":9}},"81":{"start":{"line":127,"column":23},"end":{"line":127,"column":64}},"82":{"start":{"line":128,"column":10},"end":{"line":128,"column":35}},"83":{"start":{"line":132,"column":6},"end":{"line":143,"column":7}},"84":{"start":{"line":133,"column":8},"end":{"line":142,"column":11}},"85":{"start":{"line":135,"column":25},"end":{"line":135,"column":49}},"86":{"start":{"line":136,"column":10},"end":{"line":141,"column":13}},"87":{"start":{"line":137,"column":12},"end":{"line":139,"column":13}},"88":{"start":{"line":138,"column":14},"end":{"line":138,"column":55}},"89":{"start":{"line":140,"column":12},"end":{"line":140,"column":51}},"90":{"start":{"line":146,"column":6},"end":{"line":146,"column":59}},"91":{"start":{"line":147,"column":6},"end":{"line":147,"column":28}},"92":{"start":{"line":149,"column":6},"end":{"line":149,"column":57}},"93":{"start":{"line":151,"column":6},"end":{"line":151,"column":28}},"94":{"start":{"line":155,"column":2},"end":{"line":164,"column":4}},"95":{"start":{"line":168,"column":30},"end":{"line":168,"column":59}},"96":{"start":{"line":169,"column":32},"end":{"line":169,"column":46}},"97":{"start":{"line":170,"column":28},"end":{"line":170,"column":56}},"98":{"start":{"line":172,"column":22},"end":{"line":183,"column":35}},"99":{"start":{"line":173,"column":4},"end":{"line":182,"column":5}},"100":{"start":{"line":174,"column":6},"end":{"line":174,"column":23}},"101":{"start":{"line":175,"column":6},"end":{"line":175,"column":21}},"102":{"start":{"line":176,"column":19},"end":{"line":176,"column":76}},"103":{"start":{"line":177,"column":6},"end":{"line":177,"column":22}},"104":{"start":{"line":179,"column":6},"end":{"line":179,"column":29}},"105":{"start":{"line":181,"column":6},"end":{"line":181,"column":24}},"106":{"start":{"line":185,"column":2},"end":{"line":189,"column":49}},"107":{"start":{"line":186,"column":4},"end":{"line":188,"column":5}},"108":{"start":{"line":187,"column":6},"end":{"line":187,"column":20}},"109":{"start":{"line":191,"column":2},"end":{"line":196,"column":4}}},"fnMap":{"0":{"name":"useVersets","decl":{"start":{"line":4,"column":16},"end":{"line":4,"column":26}},"loc":{"start":{"line":4,"column":48},"end":{"line":38,"column":1}}},"1":{"name":"(anonymous_1)","decl":{"start":{"line":9,"column":35},"end":{"line":9,"column":40}},"loc":{"start":{"line":9,"column":46},"end":{"line":20,"column":3}}},"2":{"name":"(anonymous_2)","decl":{"start":{"line":22,"column":12},"end":{"line":22,"column":15}},"loc":{"start":{"line":22,"column":17},"end":{"line":30,"column":3}}},"3":{"name":"useAllVersets","decl":{"start":{"line":41,"column":16},"end":{"line":41,"column":29}},"loc":{"start":{"line":41,"column":29},"end":{"line":165,"column":1}}},"4":{"name":"(anonymous_4)","decl":{"start":{"line":51,"column":12},"end":{"line":51,"column":15}},"loc":{"start":{"line":51,"column":17},"end":{"line":61,"column":3}}},"5":{"name":"(anonymous_5)","decl":{"start":{"line":52,"column":25},"end":{"line":52,"column":30}},"loc":{"start":{"line":52,"column":36},"end":{"line":59,"column":5}}},"6":{"name":"(anonymous_6)","decl":{"start":{"line":64,"column":12},"end":{"line":64,"column":15}},"loc":{"start":{"line":64,"column":17},"end":{"line":85,"column":3}}},"7":{"name":"(anonymous_7)","decl":{"start":{"line":65,"column":31},"end":{"line":65,"column":36}},"loc":{"start":{"line":65,"column":42},"end":{"line":83,"column":5}}},"8":{"name":"(anonymous_8)","decl":{"start":{"line":88,"column":31},"end":{"line":88,"column":36}},"loc":{"start":{"line":88,"column":42},"end":{"line":110,"column":3}}},"9":{"name":"(anonymous_9)","decl":{"start":{"line":102,"column":17},"end":{"line":102,"column":21}},"loc":{"start":{"line":102,"column":25},"end":{"line":102,"column":49}}},"10":{"name":"(anonymous_10)","decl":{"start":{"line":113,"column":39},"end":{"line":113,"column":44}},"loc":{"start":{"line":113,"column":71},"end":{"line":153,"column":3}}},"11":{"name":"(anonymous_11)","decl":{"start":{"line":125,"column":43},"end":{"line":125,"column":44}},"loc":{"start":{"line":125,"column":48},"end":{"line":125,"column":69}}},"12":{"name":"(anonymous_12)","decl":{"start":{"line":133,"column":19},"end":{"line":133,"column":23}},"loc":{"start":{"line":133,"column":26},"end":{"line":142,"column":9}}},"13":{"name":"(anonymous_13)","decl":{"start":{"line":136,"column":29},"end":{"line":136,"column":30}},"loc":{"start":{"line":136,"column":38},"end":{"line":141,"column":11}}},"14":{"name":"useVerset","decl":{"start":{"line":167,"column":16},"end":{"line":167,"column":25}},"loc":{"start":{"line":167,"column":69},"end":{"line":197,"column":1}}},"15":{"name":"(anonymous_15)","decl":{"start":{"line":172,"column":34},"end":{"line":172,"column":39}},"loc":{"start":{"line":172,"column":45},"end":{"line":183,"column":3}}},"16":{"name":"(anonymous_16)","decl":{"start":{"line":185,"column":12},"end":{"line":185,"column":15}},"loc":{"start":{"line":185,"column":17},"end":{"line":189,"column":3}}}},"branchMap":{"0":{"loc":{"start":{"line":24,"column":4},"end":{"line":29,"column":5}},"type":"if","locations":[{"start":{"line":24,"column":4},"end":{"line":29,"column":5}},{"start":{"line":26,"column":11},"end":{"line":29,"column":5}}]},"1":{"loc":{"start":{"line":89,"column":4},"end":{"line":89,"column":40}},"type":"if","locations":[{"start":{"line":89,"column":4},"end":{"line":89,"column":40}}]},"2":{"loc":{"start":{"line":89,"column":8},"end":{"line":89,"column":31}},"type":"binary-expr","locations":[{"start":{"line":89,"column":8},"end":{"line":89,"column":19}},{"start":{"line":89,"column":23},"end":{"line":89,"column":31}}]},"3":{"loc":{"start":{"line":126,"column":8},"end":{"line":129,"column":9}},"type":"if","locations":[{"start":{"line":126,"column":8},"end":{"line":129,"column":9}}]},"4":{"loc":{"start":{"line":132,"column":6},"end":{"line":143,"column":7}},"type":"if","locations":[{"start":{"line":132,"column":6},"end":{"line":143,"column":7}}]},"5":{"loc":{"start":{"line":137,"column":12},"end":{"line":139,"column":13}},"type":"if","locations":[{"start":{"line":137,"column":12},"end":{"line":139,"column":13}}]},"6":{"loc":{"start":{"line":186,"column":4},"end":{"line":188,"column":5}},"type":"if","locations":[{"start":{"line":186,"column":4},"end":{"line":188,"column":5}}]},"7":{"loc":{"start":{"line":186,"column":8},"end":{"line":186,"column":37}},"type":"binary-expr","locations":[{"start":{"line":186,"column":8},"end":{"line":186,"column":21}},{"start":{"line":186,"column":25},"end":{"line":186,"column":37}}]}},"s":{"0":2,"1":2,"2":2,"3":2,"4":2,"5":14,"6":14,"7":14,"8":14,"9":6,"10":6,"11":6,"12":6,"13":5,"14":1,"15":6,"16":14,"17":6,"18":5,"19":1,"20":1,"21":14,"22":10,"23":10,"24":10,"25":10,"26":10,"27":10,"28":10,"29":10,"30":4,"31":4,"32":4,"33":4,"34":0,"35":4,"36":10,"37":4,"38":4,"39":4,"40":4,"41":4,"42":4,"43":4,"44":20,"45":20,"46":4,"47":4,"48":4,"49":0,"50":4,"51":4,"52":10,"53":3,"54":0,"55":3,"56":3,"57":3,"58":3,"59":3,"60":3,"61":9,"62":9,"63":3,"64":3,"65":3,"66":3,"67":0,"68":3,"69":10,"70":0,"71":0,"72":0,"73":0,"74":0,"75":0,"76":0,"77":0,"78":0,"79":0,"80":0,"81":0,"82":0,"83":0,"84":0,"85":0,"86":0,"87":0,"88":0,"89":0,"90":0,"91":0,"92":0,"93":0,"94":10,"95":0,"96":0,"97":0,"98":0,"99":0,"100":0,"101":0,"102":0,"103":0,"104":0,"105":0,"106":0,"107":0,"108":0,"109":0},"f":{"0":14,"1":6,"2":6,"3":10,"4":4,"5":4,"6":4,"7":4,"8":3,"9":3,"10":0,"11":0,"12":0,"13":0,"14":0,"15":0,"16":0},"b":{"0":[5,1],"1":[0],"2":[3,3],"3":[0],"4":[0],"5":[0],"6":[0],"7":[0,0]}}
}
