TN:
SF:App.tsx
FN:21,App
FN:25,(anonymous_1)
FN:48,(anonymous_2)
FN:56,(anonymous_3)
FNF:4
FNH:4
FNDA:11,App
FNDA:2,(anonymous_1)
FNDA:3,(anonymous_2)
FNDA:1,(anonymous_3)
DA:1,1
DA:2,1
DA:3,1
DA:6,1
DA:7,1
DA:11,1
DA:14,1
DA:15,1
DA:18,1
DA:19,1
DA:21,1
DA:22,11
DA:23,11
DA:25,11
DA:26,2
DA:27,2
DA:28,1
DA:29,1
DA:31,1
DA:32,1
DA:36,11
DA:37,1
DA:44,10
DA:48,3
DA:56,1
DA:74,1
LF:26
LH:26
BRDA:36,0,0,1
BRDA:36,0,1,10
BRDA:53,1,0,3
BRDA:53,1,1,7
BRDA:61,2,0,1
BRDA:61,2,1,6
BRF:6
BRH:6
end_of_record
TN:
SF:index.ts
FNF:0
FNH:0
DA:1,1
DA:3,1
DA:8,1
LF:3
LH:3
BRF:0
BRH:0
end_of_record
TN:
SF:src\application\services\UserApplicationService.ts
FN:16,(anonymous_0)
FN:21,(anonymous_1)
FN:23,(anonymous_2)
FN:30,(anonymous_3)
FNF:4
FNH:4
FNDA:7,(anonymous_0)
FNDA:4,(anonymous_1)
FNDA:3,(anonymous_2)
FNDA:2,(anonymous_3)
DA:6,2
DA:7,2
DA:12,2
DA:17,7
DA:18,7
DA:22,4
DA:23,3
DA:31,2
DA:32,1
LF:9
LH:9
BRF:0
BRH:0
end_of_record
TN:
SF:src\domain\usecases\GetAllUsersUseCase.ts
FN:10,(anonymous_0)
FN:12,(anonymous_1)
FNF:2
FNH:2
FNDA:10,(anonymous_0)
FNDA:7,(anonymous_1)
DA:9,3
DA:10,10
DA:13,7
LF:3
LH:3
BRF:0
BRH:0
end_of_record
TN:
SF:src\domain\usecases\RegisterUserUseCase.ts
FN:5,(anonymous_0)
FN:7,(anonymous_1)
FNF:2
FNH:2
FNDA:10,(anonymous_0)
FNDA:5,(anonymous_1)
DA:4,3
DA:5,10
DA:8,5
DA:9,2
DA:11,3
LF:5
LH:5
BRDA:8,0,0,2
BRDA:8,0,1,3
BRDA:8,1,0,5
BRDA:8,1,1,4
BRF:4
BRH:4
end_of_record
TN:
SF:src\infra\primary\components\AuthHeader.tsx
FN:11,(anonymous_0)
FNF:1
FNH:1
FNDA:4,(anonymous_0)
DA:2,1
DA:11,1
DA:12,4
DA:32,1
LF:4
LH:4
BRDA:15,0,0,2
BRDA:15,0,1,2
BRF:2
BRH:2
end_of_record
TN:
SF:src\infra\primary\components\RegistrationForm.tsx
FN:10,(anonymous_0)
FN:16,(anonymous_1)
FNF:2
FNH:2
FNDA:19,(anonymous_0)
FNDA:4,(anonymous_1)
DA:1,1
DA:2,1
DA:10,1
DA:11,19
DA:12,19
DA:13,19
DA:14,19
DA:16,19
DA:17,4
DA:18,1
DA:19,1
DA:22,3
DA:23,3
DA:25,3
DA:26,3
DA:28,2
DA:29,2
DA:31,3
DA:35,19
DA:76,1
LF:20
LH:20
BRDA:17,0,0,1
BRDA:17,0,1,3
BRDA:17,1,0,4
BRDA:17,1,1,3
BRDA:29,2,0,2
BRDA:29,2,1,1
BRDA:55,3,0,19
BRDA:55,3,1,3
BRDA:58,4,0,19
BRDA:58,4,1,3
BRDA:62,5,0,3
BRDA:62,5,1,16
BRF:12
BRH:12
end_of_record
TN:
SF:src\infra\secondary\api\apiClient.ts
FN:9,(anonymous_0)
FN:15,(anonymous_1)
FN:25,(anonymous_2)
FN:35,(anonymous_3)
FNF:4
FNH:4
FNDA:3,(anonymous_0)
FNDA:3,(anonymous_1)
FNDA:2,(anonymous_2)
FNDA:2,(anonymous_3)
DA:6,3
DA:8,3
DA:10,3
DA:11,2
DA:12,1
DA:16,3
DA:21,3
DA:22,2
DA:26,2
DA:31,2
DA:32,1
DA:36,2
DA:39,2
LF:13
LH:13
BRDA:6,0,0,3
BRDA:6,0,1,3
BRDA:11,1,0,1
BRDA:11,1,1,1
BRDA:21,2,0,1
BRDA:21,2,1,2
BRDA:31,3,0,1
BRDA:31,3,1,1
BRDA:39,4,0,1
BRDA:39,4,1,1
BRF:10
BRH:10
end_of_record
TN:
SF:src\infra\secondary\repositories\UserApiRepository.ts
FN:11,(anonymous_0)
FN:15,(anonymous_1)
FN:23,(anonymous_2)
FN:27,(anonymous_3)
FN:31,(anonymous_4)
FNF:5
FNH:5
FNDA:2,(anonymous_0)
FNDA:3,(anonymous_1)
FNDA:2,(anonymous_2)
FNDA:1,(anonymous_3)
FNDA:2,(anonymous_4)
DA:8,2
DA:10,2
DA:12,2
DA:16,3
DA:17,3
DA:19,2
DA:24,2
DA:28,1
DA:32,2
LF:9
LH:9
BRF:0
BRH:0
end_of_record
TN:
SF:src\infra\secondary\storage\AuthStorage.ts
FN:4,(anonymous_0)
FN:6,(anonymous_1)
FN:12,(anonymous_2)
FN:20,(anonymous_3)
FNF:4
FNH:4
FNDA:6,(anonymous_0)
FNDA:2,(anonymous_1)
FNDA:4,(anonymous_2)
FNDA:2,(anonymous_3)
DA:3,3
DA:4,6
DA:7,2
DA:8,1
DA:13,4
DA:14,3
DA:15,3
DA:17,1
DA:21,2
DA:22,1
LF:10
LH:10
BRDA:7,0,0,1
BRDA:7,0,1,1
BRDA:13,1,0,3
BRDA:13,1,1,1
BRDA:15,2,0,1
BRDA:15,2,1,2
BRDA:21,3,0,1
BRDA:21,3,1,1
BRF:8
BRH:8
end_of_record
TN:
SF:src\shared\hooks\useAuth.ts
FN:7,(anonymous_0)
FN:11,(anonymous_1)
FN:18,(anonymous_2)
FN:33,(anonymous_3)
FNF:4
FNH:4
FNDA:9,(anonymous_0)
FNDA:4,(anonymous_1)
FNDA:2,(anonymous_2)
FNDA:1,(anonymous_3)
DA:1,2
DA:4,2
DA:7,2
DA:8,9
DA:9,9
DA:11,9
DA:12,4
DA:13,4
DA:14,2
DA:18,9
DA:19,2
DA:20,2
DA:21,2
DA:22,1
DA:23,1
DA:24,1
DA:26,1
DA:27,1
DA:29,2
DA:33,9
DA:34,1
DA:35,1
DA:38,9
LF:23
LH:23
BRDA:13,0,0,2
BRDA:13,0,1,2
BRF:2
BRH:2
end_of_record
TN:
SF:src\shared\hooks\useUsers.ts
FN:9,(anonymous_0)
FN:14,(anonymous_1)
FN:18,(anonymous_2)
FNF:3
FNH:3
FNDA:24,(anonymous_0)
FNDA:8,(anonymous_1)
FNDA:10,(anonymous_2)
DA:6,1
DA:9,1
DA:10,24
DA:11,24
DA:12,24
DA:14,24
DA:15,8
DA:18,24
DA:19,10
DA:20,10
DA:21,10
DA:22,10
DA:23,7
DA:25,3
DA:27,10
DA:31,24
LF:16
LH:16
BRDA:25,0,0,2
BRDA:25,0,1,1
BRF:2
BRH:2
end_of_record
