TN:
SF:App.tsx
FN:4,App
FNF:1
FNH:1
FNDA:2,App
DA:1,1
DA:2,1
DA:4,1
DA:5,2
DA:13,1
LF:5
LH:5
BRF:0
BRH:0
end_of_record
TN:
SF:index.ts
FNF:0
FNH:0
DA:1,1
DA:3,1
DA:8,1
LF:3
LH:3
BRF:0
BRH:0
end_of_record
TN:
SF:src\application\services\UserApplicationService.ts
FN:13,(anonymous_0)
FN:17,(anonymous_1)
FN:19,(anonymous_2)
FNF:3
FNH:3
FNDA:4,(anonymous_0)
FNDA:4,(anonymous_1)
FNDA:3,(anonymous_2)
DA:6,1
DA:10,1
DA:14,4
DA:18,4
DA:19,3
LF:5
LH:5
BRF:0
BRH:0
end_of_record
TN:
SF:src\domain\usecases\GetAllUsersUseCase.ts
FN:10,(anonymous_0)
FN:12,(anonymous_1)
FNF:2
FNH:2
FNDA:7,(anonymous_0)
FNDA:7,(anonymous_1)
DA:9,2
DA:10,7
DA:13,7
LF:3
LH:3
BRF:0
BRH:0
end_of_record
TN:
SF:src\infra\secondary\api\apiClient.ts
FN:9,(anonymous_0)
FN:15,(anonymous_1)
FNF:2
FNH:2
FNDA:3,(anonymous_0)
FNDA:3,(anonymous_1)
DA:6,2
DA:8,2
DA:10,3
DA:11,2
DA:12,1
DA:16,3
DA:21,3
DA:22,2
LF:8
LH:8
BRDA:6,0,0,2
BRDA:6,0,1,2
BRDA:11,1,0,1
BRDA:11,1,1,1
BRDA:21,2,0,1
BRDA:21,2,1,2
BRF:6
BRH:6
end_of_record
TN:
SF:src\infra\secondary\repositories\UserApiRepository.ts
FN:11,(anonymous_0)
FN:15,(anonymous_1)
FN:23,(anonymous_2)
FN:27,(anonymous_3)
FN:31,(anonymous_4)
FNF:5
FNH:5
FNDA:2,(anonymous_0)
FNDA:3,(anonymous_1)
FNDA:2,(anonymous_2)
FNDA:1,(anonymous_3)
FNDA:2,(anonymous_4)
DA:8,1
DA:10,1
DA:12,2
DA:16,3
DA:17,3
DA:19,2
DA:24,2
DA:28,1
DA:32,2
LF:9
LH:9
BRF:0
BRH:0
end_of_record
TN:
SF:src\shared\hooks\useUsers.ts
FN:9,(anonymous_0)
FN:14,(anonymous_1)
FN:18,(anonymous_2)
FNF:3
FNH:3
FNDA:24,(anonymous_0)
FNDA:8,(anonymous_1)
FNDA:10,(anonymous_2)
DA:6,1
DA:9,1
DA:10,24
DA:11,24
DA:12,24
DA:14,24
DA:15,8
DA:18,24
DA:19,10
DA:20,10
DA:21,10
DA:22,10
DA:23,7
DA:25,3
DA:27,10
DA:31,24
LF:16
LH:16
BRDA:25,0,0,2
BRDA:25,0,1,1
BRF:2
BRH:2
end_of_record
